#
# There is insufficient memory for the Java Runtime Environment to continue.
# Native memory allocation (malloc) failed to allocate 65552 bytes for Chunk::new
# Possible reasons:
#   The system is out of physical RAM or swap space
#   The process is running with CompressedOops enabled, and the Java Heap may be blocking the growth of the native heap
# Possible solutions:
#   Reduce memory load on the system
#   Increase physical memory or swap space
#   Check if swap backing store is full
#   Decrease Java heap size (-Xmx/-Xms)
#   Decrease number of Java threads
#   Decrease Java thread stack sizes (-Xss)
#   Set larger code cache with -XX:ReservedCodeCacheSize=
#   JVM is running with Unscaled Compressed Oops mode in which the Java heap is
#     placed in the first 4GB address space. The Java Heap base address is the
#     maximum limit for the native heap growth. Please use -XX:HeapBaseMinAddress
#     to set the Java Heap base and to place the Java Heap above 4GB virtual address.
# This output file may be truncated or incomplete.
#
#  Out of Memory Error (arena.cpp:189), pid=234296, tid=251860
#
# JRE version: OpenJDK Runtime Environment (17.0.2+8) (build 17.0.2+8-86)
# Java VM: OpenJDK 64-Bit Server VM (17.0.2+8-86, mixed mode, sharing, tiered, compressed oops, compressed class ptrs, g1 gc, windows-amd64)
# No core dump will be written. Minidumps are not enabled by default on client versions of Windows
#

---------------  S U M M A R Y ------------

Command Line: --add-opens=java.base/java.util=ALL-UNNAMED --add-opens=java.base/java.lang=ALL-UNNAMED --add-opens=java.base/java.lang.invoke=ALL-UNNAMED --add-opens=java.base/java.util=ALL-UNNAMED --add-opens=java.prefs/java.util.prefs=ALL-UNNAMED --add-opens=java.prefs/java.util.prefs=ALL-UNNAMED --add-opens=java.base/java.nio.charset=ALL-UNNAMED --add-opens=java.base/java.net=ALL-UNNAMED --add-opens=java.base/java.util.concurrent.atomic=ALL-UNNAMED -Xmx1024M -Dfile.encoding=UTF-8 -Duser.country=ES -Duser.language=es -Duser.variant org.gradle.launcher.daemon.bootstrap.GradleDaemon 7.5-rc-1

Host: Intel(R) Core(TM) i7-7700 CPU @ 3.60GHz, 8 cores, 31G,  Windows 10 , 64 bit Build 19041 (10.0.19041.1706)
Time: Sat May 21 15:11:39 2022 Hora de verano romance elapsed time: 1256.037765 seconds (0d 0h 20m 56s)

---------------  T H R E A D  ---------------

Current thread (0x0000026a61ce6a80):  JavaThread "C2 CompilerThread1" daemon [_thread_in_native, id=251860, stack(0x000000c847100000,0x000000c847200000)]


Current CompileTask:
C2:1256037 25967       4       com.android.tools.r8.internal.rJ::a (406 bytes)

Stack: [0x000000c847100000,0x000000c847200000]
Native frames: (J=compiled Java code, j=interpreted, Vv=VM code, C=native code)
V  [jvm.dll+0x670baa]
V  [jvm.dll+0x7cfcb4]
V  [jvm.dll+0x7d145e]
V  [jvm.dll+0x7d1ac3]
V  [jvm.dll+0x242bc5]
V  [jvm.dll+0xaa57b]
V  [jvm.dll+0xaab0c]
V  [jvm.dll+0xaa68b]
V  [jvm.dll+0x6c6dfc]
V  [jvm.dll+0x5827af]
V  [jvm.dll+0x58b2c3]
V  [jvm.dll+0x575a37]
V  [jvm.dll+0x575735]
V  [jvm.dll+0x7382c1]
V  [jvm.dll+0x731543]
V  [jvm.dll+0x73a943]
V  [jvm.dll+0x579de6]
V  [jvm.dll+0x21de3d]
V  [jvm.dll+0x21e21f]
V  [jvm.dll+0x217ae5]
V  [jvm.dll+0x214fab]
V  [jvm.dll+0x1a1bbd]
V  [jvm.dll+0x224908]
V  [jvm.dll+0x222a6c]
V  [jvm.dll+0x7859bb]
V  [jvm.dll+0x77ff7a]
V  [jvm.dll+0x66fa35]
C  [ucrtbase.dll+0x21bb2]
C  [KERNEL32.DLL+0x17034]
C  [ntdll.dll+0x52651]


---------------  P R O C E S S  ---------------

Threads class SMR info:
_java_thread_list=0x0000026a656f3dc0, length=71, elements={
0x0000026a403718a0, 0x0000026a5bf2f110, 0x0000026a5bf2fe90, 0x0000026a5bf3e300,
0x0000026a5bf40bd0, 0x0000026a5bf41490, 0x0000026a5bf41d50, 0x0000026a5bf43c40,
0x0000026a5bf5d1d0, 0x0000026a5c049f40, 0x0000026a5c11baf0, 0x0000026a5c11ec00,
0x0000026a5ee0fe20, 0x0000026a5ea7a6d0, 0x0000026a5d82cc10, 0x0000026a5e3e0b80,
0x0000026a5e3dfd10, 0x0000026a5e3e01e0, 0x0000026a5e3deea0, 0x0000026a5e3ddb60,
0x0000026a5e3df370, 0x0000026a6081fc80, 0x0000026a6081af80, 0x0000026a64211890,
0x0000026a5ec3e1e0, 0x0000026a5ec3f050, 0x0000026a67a9a170, 0x0000026a67a9ccc0,
0x0000026a67a9f810, 0x0000026a67a9e9a0, 0x0000026a67a99300, 0x0000026a6a6ea4c0,
0x0000026a6a6eb800, 0x0000026a6a6ee820, 0x0000026a6a6e9650, 0x0000026a5f17ef90,
0x0000026a6aabfd20, 0x0000026a6aac1060, 0x0000026a6aac01f0, 0x0000026a6aabe040,
0x0000026a6aac1ed0, 0x0000026a6aac0b90, 0x0000026a6aac1a00, 0x0000026a6aac06c0,
0x0000026a6aac4550, 0x0000026a6aac2d40, 0x0000026a6aac3210, 0x0000026a6aabd1d0,
0x0000026a6aac36e0, 0x0000026a6aac4080, 0x0000026a6aabcd00, 0x0000026a6aabf380,
0x0000026a6aabd6a0, 0x0000026a6aabe510, 0x0000026a6aabe9e0, 0x0000026a5f17b100,
0x0000026a5f17d780, 0x0000026a5f17e5f0, 0x0000026a5f17f930, 0x0000026a5f17cde0,
0x0000026a5f17baa0, 0x0000026a5f17a290, 0x0000026a5f17fe00, 0x0000026a5f1802d0,
0x0000026a5f17b5d0, 0x0000026a5f17c440, 0x0000026a5f1807a0, 0x0000026a5f178f50,
0x0000026a5f1798f0, 0x0000026a61ce6a80, 0x0000026a61ce74a0
}

Java Threads: ( => current thread )
  0x0000026a403718a0 JavaThread "main" [_thread_blocked, id=250204, stack(0x000000c842700000,0x000000c842800000)]
  0x0000026a5bf2f110 JavaThread "Reference Handler" daemon [_thread_blocked, id=249744, stack(0x000000c842e00000,0x000000c842f00000)]
  0x0000026a5bf2fe90 JavaThread "Finalizer" daemon [_thread_blocked, id=234608, stack(0x000000c842f00000,0x000000c843000000)]
  0x0000026a5bf3e300 JavaThread "Signal Dispatcher" daemon [_thread_blocked, id=250796, stack(0x000000c843000000,0x000000c843100000)]
  0x0000026a5bf40bd0 JavaThread "Attach Listener" daemon [_thread_blocked, id=240292, stack(0x000000c843100000,0x000000c843200000)]
  0x0000026a5bf41490 JavaThread "Service Thread" daemon [_thread_blocked, id=233844, stack(0x000000c843200000,0x000000c843300000)]
  0x0000026a5bf41d50 JavaThread "Monitor Deflation Thread" daemon [_thread_blocked, id=238456, stack(0x000000c843300000,0x000000c843400000)]
  0x0000026a5bf43c40 JavaThread "C2 CompilerThread0" daemon [_thread_in_native, id=248368, stack(0x000000c843400000,0x000000c843500000)]
  0x0000026a5bf5d1d0 JavaThread "C1 CompilerThread0" daemon [_thread_in_native, id=244272, stack(0x000000c843500000,0x000000c843600000)]
  0x0000026a5c049f40 JavaThread "Sweeper thread" daemon [_thread_blocked, id=5844, stack(0x000000c843600000,0x000000c843700000)]
  0x0000026a5c11baf0 JavaThread "Common-Cleaner" daemon [_thread_blocked, id=248668, stack(0x000000c843700000,0x000000c843800000)]
  0x0000026a5c11ec00 JavaThread "Notification Thread" daemon [_thread_blocked, id=236336, stack(0x000000c843800000,0x000000c843900000)]
  0x0000026a5ee0fe20 JavaThread "Daemon health stats" [_thread_blocked, id=217180, stack(0x000000c844300000,0x000000c844400000)]
  0x0000026a5ea7a6d0 JavaThread "Incoming local TCP Connector on port 49326" [_thread_in_native, id=249236, stack(0x000000c844400000,0x000000c844500000)]
  0x0000026a5d82cc10 JavaThread "Daemon periodic checks" [_thread_blocked, id=248564, stack(0x000000c844500000,0x000000c844600000)]
  0x0000026a5e3e0b80 JavaThread "Cache worker for journal cache (C:\Users\Kimi\.gradle\caches\journal-1)" [_thread_blocked, id=16620, stack(0x000000c843b00000,0x000000c843c00000)]
  0x0000026a5e3dfd10 JavaThread "File lock request listener" [_thread_in_native, id=226244, stack(0x000000c844d00000,0x000000c844e00000)]
  0x0000026a5e3e01e0 JavaThread "Cache worker for file hash cache (C:\Users\Kimi\.gradle\caches\7.5-rc-1\fileHashes)" [_thread_blocked, id=247112, stack(0x000000c843a00000,0x000000c843b00000)]
  0x0000026a5e3deea0 JavaThread "Cache worker for file content cache (C:\Users\Kimi\.gradle\caches\7.5-rc-1\fileContent)" [_thread_blocked, id=248844, stack(0x000000c845100000,0x000000c845200000)]
  0x0000026a5e3ddb60 JavaThread "File watcher server" daemon [_thread_in_native, id=227200, stack(0x000000c845400000,0x000000c845500000)]
  0x0000026a5e3df370 JavaThread "File watcher consumer" daemon [_thread_blocked, id=231012, stack(0x000000c845500000,0x000000c845600000)]
  0x0000026a6081fc80 JavaThread "Cache worker for execution history cache (C:\Users\Kimi\.gradle\caches\7.5-rc-1\executionHistory)" [_thread_blocked, id=230384, stack(0x000000c845800000,0x000000c845900000)]
  0x0000026a6081af80 JavaThread "Memory manager" [_thread_blocked, id=64628, stack(0x000000c845b00000,0x000000c845c00000)]
  0x0000026a64211890 JavaThread "jar transforms" [_thread_blocked, id=248692, stack(0x000000c845600000,0x000000c845700000)]
  0x0000026a5ec3e1e0 JavaThread "jar transforms Thread 2" [_thread_blocked, id=42840, stack(0x000000c845a00000,0x000000c845b00000)]
  0x0000026a5ec3f050 JavaThread "jar transforms Thread 3" [_thread_blocked, id=251428, stack(0x000000c845d00000,0x000000c845e00000)]
  0x0000026a67a9a170 JavaThread "jar transforms Thread 4" [_thread_blocked, id=235792, stack(0x000000c84af00000,0x000000c84b000000)]
  0x0000026a67a9ccc0 JavaThread "jar transforms Thread 5" [_thread_blocked, id=245192, stack(0x000000c84b000000,0x000000c84b100000)]
  0x0000026a67a9f810 JavaThread "jar transforms Thread 6" [_thread_blocked, id=251068, stack(0x000000c84b100000,0x000000c84b200000)]
  0x0000026a67a9e9a0 JavaThread "jar transforms Thread 7" [_thread_blocked, id=251056, stack(0x000000c84b200000,0x000000c84b300000)]
  0x0000026a67a99300 JavaThread "jar transforms Thread 8" [_thread_blocked, id=234252, stack(0x000000c84b300000,0x000000c84b400000)]
  0x0000026a6a6ea4c0 JavaThread "RMI Scheduler(0)" daemon [_thread_blocked, id=228476, stack(0x000000c84bf00000,0x000000c84c000000)]
  0x0000026a6a6eb800 JavaThread "RMI GC Daemon" daemon [_thread_blocked, id=251260, stack(0x000000c84c100000,0x000000c84c200000)]
  0x0000026a6a6ee820 JavaThread "RMI TCP Accept-0" daemon [_thread_in_native, id=234664, stack(0x000000c84c200000,0x000000c84c300000)]
  0x0000026a6a6e9650 JavaThread "RMI Reaper" [_thread_blocked, id=227544, stack(0x000000c84c300000,0x000000c84c400000)]
  0x0000026a5f17ef90 JavaThread "ForkJoinPool.commonPool-worker-16" daemon [_thread_blocked, id=244664, stack(0x000000c847700000,0x000000c847800000)]
  0x0000026a6aabfd20 JavaThread "RMI TCP Connection(9)-127.0.0.1" daemon [_thread_in_native, id=249468, stack(0x000000c842400000,0x000000c842500000)]
  0x0000026a6aac1060 JavaThread "Daemon Thread 6" [_thread_blocked, id=251216, stack(0x000000c842500000,0x000000c842600000)]
  0x0000026a6aac01f0 JavaThread "Handler for socket connection from /127.0.0.1:49326 to /127.0.0.1:55220" [_thread_in_native, id=250924, stack(0x000000c842600000,0x000000c842700000)]
  0x0000026a6aabe040 JavaThread "Cancel handler" [_thread_blocked, id=239872, stack(0x000000c844600000,0x000000c844700000)]
  0x0000026a6aac1ed0 JavaThread "Daemon worker Thread 6" [_thread_blocked, id=1860, stack(0x000000c844900000,0x000000c844a00000)]
  0x0000026a6aac0b90 JavaThread "Asynchronous log dispatcher for DefaultDaemonConnection: socket connection from /127.0.0.1:49326 to /127.0.0.1:55220" [_thread_blocked, id=241660, stack(0x000000c844a00000,0x000000c844b00000)]
  0x0000026a6aac1a00 JavaThread "Stdin handler" [_thread_blocked, id=247460, stack(0x000000c844b00000,0x000000c844c00000)]
  0x0000026a6aac06c0 JavaThread "Daemon client event forwarder" [_thread_blocked, id=239712, stack(0x000000c844c00000,0x000000c844d00000)]
  0x0000026a6aac4550 JavaThread "Cache worker for file hash cache (D:\Programas\Android\Calculadora\.gradle\7.5-rc-1\fileHashes)" [_thread_blocked, id=245508, stack(0x000000c844e00000,0x000000c844f00000)]
  0x0000026a6aac2d40 JavaThread "Cache worker for checksums cache (D:\Programas\Android\Calculadora\.gradle\7.5-rc-1\checksums)" [_thread_blocked, id=233976, stack(0x000000c844f00000,0x000000c845000000)]
  0x0000026a6aac3210 JavaThread "Cache worker for cache directory md-rule (C:\Users\Kimi\.gradle\caches\7.5-rc-1\md-rule)" [_thread_blocked, id=250940, stack(0x000000c845000000,0x000000c845100000)]
  0x0000026a6aabd1d0 JavaThread "Cache worker for cache directory md-supplier (C:\Users\Kimi\.gradle\caches\7.5-rc-1\md-supplier)" [_thread_blocked, id=251596, stack(0x000000c845200000,0x000000c845300000)]
  0x0000026a6aac36e0 JavaThread "Cache worker for Build Output Cleanup Cache (D:\Programas\Android\Calculadora\.gradle\buildOutputCleanup)" [_thread_blocked, id=242220, stack(0x000000c845700000,0x000000c845800000)]
  0x0000026a6aac4080 JavaThread "build event listener" [_thread_blocked, id=237600, stack(0x000000c845f00000,0x000000c846000000)]
  0x0000026a6aabcd00 JavaThread "included builds" [_thread_blocked, id=250508, stack(0x000000c846000000,0x000000c846100000)]
  0x0000026a6aabf380 JavaThread "Execution worker" [_thread_blocked, id=247764, stack(0x000000c846100000,0x000000c846200000)]
  0x0000026a6aabd6a0 JavaThread "Execution worker Thread 2" [_thread_in_Java, id=247008, stack(0x000000c846200000,0x000000c846300000)]
  0x0000026a6aabe510 JavaThread "Execution worker Thread 3" [_thread_blocked, id=233212, stack(0x000000c846300000,0x000000c846400000)]
  0x0000026a6aabe9e0 JavaThread "Execution worker Thread 4" [_thread_blocked, id=250012, stack(0x000000c846400000,0x000000c846500000)]
  0x0000026a5f17b100 JavaThread "Execution worker Thread 5" [_thread_blocked, id=244148, stack(0x000000c846500000,0x000000c846600000)]
  0x0000026a5f17d780 JavaThread "Execution worker Thread 6" [_thread_blocked, id=240720, stack(0x000000c846600000,0x000000c846700000)]
  0x0000026a5f17e5f0 JavaThread "Execution worker Thread 7" [_thread_blocked, id=251888, stack(0x000000c846700000,0x000000c846800000)]
  0x0000026a5f17f930 JavaThread "Cache worker for execution history cache (D:\Programas\Android\Calculadora\.gradle\7.5-rc-1\executionHistory)" [_thread_blocked, id=250540, stack(0x000000c846800000,0x000000c846900000)]
  0x0000026a5f17cde0 JavaThread "RMI RenewClean-[127.0.0.1:17596,org.jetbrains.kotlin.daemon.common.LoopbackNetworkInterface$ClientLoopbackSocketFactory@17724f33]" daemon [_thread_blocked, id=222860, stack(0x000000c846900000,0x000000c846a00000)]
  0x0000026a5f17baa0 JavaThread "WorkerExecutor Queue" [_thread_blocked, id=239756, stack(0x000000c845c00000,0x000000c845d00000)]
  0x0000026a5f17a290 JavaThread "WorkerExecutor Queue Thread 2" [_thread_blocked, id=239288, stack(0x000000c845e00000,0x000000c845f00000)]
  0x0000026a5f17fe00 JavaThread "WorkerExecutor Queue Thread 3" [_thread_blocked, id=251476, stack(0x000000c846a00000,0x000000c846b00000)]
  0x0000026a5f1802d0 JavaThread "WorkerExecutor Queue Thread 4" [_thread_blocked, id=251112, stack(0x000000c846b00000,0x000000c846c00000)]
  0x0000026a5f17b5d0 JavaThread "WorkerExecutor Queue Thread 5" [_thread_blocked, id=230764, stack(0x000000c846c00000,0x000000c846d00000)]
  0x0000026a5f17c440 JavaThread "WorkerExecutor Queue Thread 6" [_thread_blocked, id=250704, stack(0x000000c846d00000,0x000000c846e00000)]
  0x0000026a5f1807a0 JavaThread "WorkerExecutor Queue Thread 7" [_thread_blocked, id=73328, stack(0x000000c846e00000,0x000000c846f00000)]
  0x0000026a5f178f50 JavaThread "WorkerExecutor Queue Thread 8" [_thread_blocked, id=250960, stack(0x000000c846f00000,0x000000c847000000)]
  0x0000026a5f1798f0 JavaThread "WorkerExecutor Queue Thread 9" [_thread_blocked, id=246636, stack(0x000000c847000000,0x000000c847100000)]
=>0x0000026a61ce6a80 JavaThread "C2 CompilerThread1" daemon [_thread_in_native, id=251860, stack(0x000000c847100000,0x000000c847200000)]
  0x0000026a61ce74a0 JavaThread "C2 CompilerThread2" daemon [_thread_in_native, id=227724, stack(0x000000c847200000,0x000000c847300000)]

Other Threads:
  0x0000026a5bf265f0 VMThread "VM Thread" [stack: 0x000000c842d00000,0x000000c842e00000] [id=250724]
  0x0000026a403b3b20 WatcherThread [stack: 0x000000c843900000,0x000000c843a00000] [id=245744]
  0x0000026a403a2ca0 GCTaskThread "GC Thread#0" [stack: 0x000000c842800000,0x000000c842900000] [id=239476]
  0x0000026a5d240750 GCTaskThread "GC Thread#1" [stack: 0x000000c843c00000,0x000000c843d00000] [id=249680]
  0x0000026a5cda0620 GCTaskThread "GC Thread#2" [stack: 0x000000c843d00000,0x000000c843e00000] [id=245056]
  0x0000026a5cda08d0 GCTaskThread "GC Thread#3" [stack: 0x000000c843e00000,0x000000c843f00000] [id=1372]
  0x0000026a5cda0b80 GCTaskThread "GC Thread#4" [stack: 0x000000c843f00000,0x000000c844000000] [id=249872]
  0x0000026a5d1dcd30 GCTaskThread "GC Thread#5" [stack: 0x000000c844000000,0x000000c844100000] [id=250544]
  0x0000026a5d1dd780 GCTaskThread "GC Thread#6" [stack: 0x000000c844100000,0x000000c844200000] [id=250860]
  0x0000026a5cf4cb80 GCTaskThread "GC Thread#7" [stack: 0x000000c844200000,0x000000c844300000] [id=231664]
  0x0000026a403abaf0 ConcurrentGCThread "G1 Main Marker" [stack: 0x000000c842900000,0x000000c842a00000] [id=240320]
  0x0000026a403acbb0 ConcurrentGCThread "G1 Conc#0" [stack: 0x000000c842a00000,0x000000c842b00000] [id=2044]
  0x0000026a5f02e400 ConcurrentGCThread "G1 Conc#1" [stack: 0x000000c845300000,0x000000c845400000] [id=249344]
  0x0000026a4044dea0 ConcurrentGCThread "G1 Refine#0" [stack: 0x000000c842b00000,0x000000c842c00000] [id=237744]
  0x0000026a5f5a55b0 ConcurrentGCThread "G1 Refine#1" [stack: 0x000000c845900000,0x000000c845a00000] [id=239400]
  0x0000026a608e8760 ConcurrentGCThread "G1 Refine#2" [stack: 0x000000c84c900000,0x000000c84ca00000] [id=250396]
  0x0000026a608e8a40 ConcurrentGCThread "G1 Refine#3" [stack: 0x000000c84ca00000,0x000000c84cb00000] [id=247700]
  0x0000026a608e92e0 ConcurrentGCThread "G1 Refine#4" [stack: 0x000000c84cb00000,0x000000c84cc00000] [id=63472]
  0x0000026a5f5a4a30 ConcurrentGCThread "G1 Refine#5" [stack: 0x000000c84cc00000,0x000000c84cd00000] [id=250208]
  0x0000026a5f5a5b70 ConcurrentGCThread "G1 Refine#6" [stack: 0x000000c84cd00000,0x000000c84ce00000] [id=37540]
  0x0000026a65c56760 ConcurrentGCThread "G1 Refine#7" [stack: 0x000000c84ce00000,0x000000c84cf00000] [id=249652]
  0x0000026a4044e7d0 ConcurrentGCThread "G1 Service" [stack: 0x000000c842c00000,0x000000c842d00000] [id=249720]

Threads with active compile tasks:
C2 CompilerThread0  1256063 25975 % !   4       com.android.tools.r8.graph.l::a @ 126 (1381 bytes)
C2 CompilerThread1  1256063 25967       4       com.android.tools.r8.internal.rJ::a (406 bytes)
C2 CompilerThread2  1256064 25958       4       com.android.tools.r8.ir.regalloc.b::a (1832 bytes)

VM state: not at safepoint (normal execution)

VM Mutex/Monitor currently owned by a thread: None

Heap address: 0x00000000c0000000, size: 1024 MB, Compressed Oops mode: 32-bit

CDS archive(s) mapped at: [0x0000000800000000-0x0000000800bc0000-0x0000000800bc0000), size 12320768, SharedBaseAddress: 0x0000000800000000, ArchiveRelocationMode: 0.
Compressed class space mapped at: 0x0000000800c00000-0x0000000840c00000, reserved size: 1073741824
Narrow klass base: 0x0000000800000000, Narrow klass shift: 0, Narrow klass range: 0x100000000

GC Precious Log:
 CPUs: 8 total, 8 available
 Memory: 32724M
 Large Page Support: Disabled
 NUMA Support: Disabled
 Compressed Oops: Enabled (32-bit)
 Heap Region Size: 1M
 Heap Min Capacity: 8M
 Heap Initial Capacity: 512M
 Heap Max Capacity: 1G
 Pre-touch: Disabled
 Parallel Workers: 8
 Concurrent Workers: 2
 Concurrent Refinement Workers: 8
 Periodic GC: Disabled

Heap:
 garbage-first heap   total 345088K, used 276326K [0x00000000c0000000, 0x0000000100000000)
  region size 1024K, 78 young (79872K), 5 survivors (5120K)
 Metaspace       used 116854K, committed 118144K, reserved 1155072K
  class space    used 15527K, committed 16192K, reserved 1048576K

Heap Regions: E=young(eden), S=young(survivor), O=old, HS=humongous(starts), HC=humongous(continues), CS=collection set, F=free, OA=open archive, CA=closed archive, TAMS=top-at-mark-start (previous, next)
|   0|0x00000000c0000000, 0x00000000c0100000, 0x00000000c0100000|100%| O|  |TAMS 0x00000000c0100000, 0x00000000c0000000| Untracked 
|   1|0x00000000c0100000, 0x00000000c0200000, 0x00000000c0200000|100%| O|  |TAMS 0x00000000c0200000, 0x00000000c0100000| Untracked 
|   2|0x00000000c0200000, 0x00000000c0300000, 0x00000000c0300000|100%| O|  |TAMS 0x00000000c0300000, 0x00000000c0200000| Untracked 
|   3|0x00000000c0300000, 0x00000000c0400000, 0x00000000c0400000|100%|HS|  |TAMS 0x00000000c0400000, 0x00000000c0300000| Complete 
|   4|0x00000000c0400000, 0x00000000c0500000, 0x00000000c0500000|100%|HC|  |TAMS 0x00000000c0500000, 0x00000000c0400000| Complete 
|   5|0x00000000c0500000, 0x00000000c0600000, 0x00000000c0600000|100%|HC|  |TAMS 0x00000000c0600000, 0x00000000c0500000| Complete 
|   6|0x00000000c0600000, 0x00000000c0700000, 0x00000000c0700000|100%| O|  |TAMS 0x00000000c0700000, 0x00000000c0600000| Untracked 
|   7|0x00000000c0700000, 0x00000000c0800000, 0x00000000c0800000|100%| O|  |TAMS 0x00000000c0800000, 0x00000000c0700000| Untracked 
|   8|0x00000000c0800000, 0x00000000c0900000, 0x00000000c0900000|100%| O|  |TAMS 0x00000000c0900000, 0x00000000c0800000| Untracked 
|   9|0x00000000c0900000, 0x00000000c09f5800, 0x00000000c0a00000| 95%| O|  |TAMS 0x00000000c09f5800, 0x00000000c0900000| Untracked 
|  10|0x00000000c0a00000, 0x00000000c0b00000, 0x00000000c0b00000|100%| O|  |TAMS 0x00000000c0b00000, 0x00000000c0a00000| Untracked 
|  11|0x00000000c0b00000, 0x00000000c0c00000, 0x00000000c0c00000|100%| O|  |TAMS 0x00000000c0c00000, 0x00000000c0b00000| Untracked 
|  12|0x00000000c0c00000, 0x00000000c0d00000, 0x00000000c0d00000|100%| O|  |TAMS 0x00000000c0d00000, 0x00000000c0c00000| Untracked 
|  13|0x00000000c0d00000, 0x00000000c0e00000, 0x00000000c0e00000|100%| O|  |TAMS 0x00000000c0e00000, 0x00000000c0d00000| Untracked 
|  14|0x00000000c0e00000, 0x00000000c0f00000, 0x00000000c0f00000|100%| O|  |TAMS 0x00000000c0f00000, 0x00000000c0e00000| Untracked 
|  15|0x00000000c0f00000, 0x00000000c1000000, 0x00000000c1000000|100%|HS|  |TAMS 0x00000000c1000000, 0x00000000c0f00000| Complete 
|  16|0x00000000c1000000, 0x00000000c1100000, 0x00000000c1100000|100%|HS|  |TAMS 0x00000000c1100000, 0x00000000c1000000| Complete 
|  17|0x00000000c1100000, 0x00000000c1200000, 0x00000000c1200000|100%| O|  |TAMS 0x00000000c1200000, 0x00000000c1100000| Untracked 
|  18|0x00000000c1200000, 0x00000000c1300000, 0x00000000c1300000|100%| O|  |TAMS 0x00000000c1300000, 0x00000000c1200000| Untracked 
|  19|0x00000000c1300000, 0x00000000c1400000, 0x00000000c1400000|100%| O|  |TAMS 0x00000000c1400000, 0x00000000c1300000| Untracked 
|  20|0x00000000c1400000, 0x00000000c1500000, 0x00000000c1500000|100%| O|  |TAMS 0x00000000c1500000, 0x00000000c1400000| Untracked 
|  21|0x00000000c1500000, 0x00000000c1600000, 0x00000000c1600000|100%| O|  |TAMS 0x00000000c1600000, 0x00000000c1500000| Untracked 
|  22|0x00000000c1600000, 0x00000000c1700000, 0x00000000c1700000|100%| O|  |TAMS 0x00000000c1700000, 0x00000000c1600000| Untracked 
|  23|0x00000000c1700000, 0x00000000c1800000, 0x00000000c1800000|100%| O|  |TAMS 0x00000000c1800000, 0x00000000c1700000| Untracked 
|  24|0x00000000c1800000, 0x00000000c1900000, 0x00000000c1900000|100%| O|  |TAMS 0x00000000c1900000, 0x00000000c1800000| Untracked 
|  25|0x00000000c1900000, 0x00000000c1a00000, 0x00000000c1a00000|100%| O|  |TAMS 0x00000000c1a00000, 0x00000000c1900000| Untracked 
|  26|0x00000000c1a00000, 0x00000000c1b00000, 0x00000000c1b00000|100%| O|  |TAMS 0x00000000c1b00000, 0x00000000c1a00000| Untracked 
|  27|0x00000000c1b00000, 0x00000000c1c00000, 0x00000000c1c00000|100%| O|  |TAMS 0x00000000c1c00000, 0x00000000c1b00000| Untracked 
|  28|0x00000000c1c00000, 0x00000000c1d00000, 0x00000000c1d00000|100%| O|  |TAMS 0x00000000c1d00000, 0x00000000c1c00000| Untracked 
|  29|0x00000000c1d00000, 0x00000000c1e00000, 0x00000000c1e00000|100%| O|  |TAMS 0x00000000c1e00000, 0x00000000c1d00000| Untracked 
|  30|0x00000000c1e00000, 0x00000000c1f00000, 0x00000000c1f00000|100%| O|  |TAMS 0x00000000c1f00000, 0x00000000c1e00000| Untracked 
|  31|0x00000000c1f00000, 0x00000000c2000000, 0x00000000c2000000|100%| O|  |TAMS 0x00000000c2000000, 0x00000000c1f00000| Untracked 
|  32|0x00000000c2000000, 0x00000000c2100000, 0x00000000c2100000|100%|HS|  |TAMS 0x00000000c2100000, 0x00000000c2000000| Complete 
|  33|0x00000000c2100000, 0x00000000c2200000, 0x00000000c2200000|100%|HS|  |TAMS 0x00000000c2200000, 0x00000000c2100000| Complete 
|  34|0x00000000c2200000, 0x00000000c2300000, 0x00000000c2300000|100%|HC|  |TAMS 0x00000000c2300000, 0x00000000c2200000| Complete 
|  35|0x00000000c2300000, 0x00000000c2400000, 0x00000000c2400000|100%|HC|  |TAMS 0x00000000c2400000, 0x00000000c2300000| Complete 
|  36|0x00000000c2400000, 0x00000000c2500000, 0x00000000c2500000|100%| O|  |TAMS 0x00000000c2500000, 0x00000000c2400000| Untracked 
|  37|0x00000000c2500000, 0x00000000c2600000, 0x00000000c2600000|100%| O|  |TAMS 0x00000000c2600000, 0x00000000c2500000| Untracked 
|  38|0x00000000c2600000, 0x00000000c2700000, 0x00000000c2700000|100%| O|  |TAMS 0x00000000c2700000, 0x00000000c2600000| Untracked 
|  39|0x00000000c2700000, 0x00000000c2800000, 0x00000000c2800000|100%| O|  |TAMS 0x00000000c2800000, 0x00000000c2700000| Untracked 
|  40|0x00000000c2800000, 0x00000000c2900000, 0x00000000c2900000|100%| O|  |TAMS 0x00000000c2900000, 0x00000000c2800000| Untracked 
|  41|0x00000000c2900000, 0x00000000c2a00000, 0x00000000c2a00000|100%| O|  |TAMS 0x00000000c2a00000, 0x00000000c2900000| Untracked 
|  42|0x00000000c2a00000, 0x00000000c2b00000, 0x00000000c2b00000|100%|HS|  |TAMS 0x00000000c2b00000, 0x00000000c2a00000| Complete 
|  43|0x00000000c2b00000, 0x00000000c2c00000, 0x00000000c2c00000|100%|HC|  |TAMS 0x00000000c2c00000, 0x00000000c2b00000| Complete 
|  44|0x00000000c2c00000, 0x00000000c2d00000, 0x00000000c2d00000|100%| O|  |TAMS 0x00000000c2d00000, 0x00000000c2c00000| Untracked 
|  45|0x00000000c2d00000, 0x00000000c2e00000, 0x00000000c2e00000|100%| O|  |TAMS 0x00000000c2e00000, 0x00000000c2d00000| Untracked 
|  46|0x00000000c2e00000, 0x00000000c2f00000, 0x00000000c2f00000|100%| O|  |TAMS 0x00000000c2f00000, 0x00000000c2e00000| Untracked 
|  47|0x00000000c2f00000, 0x00000000c3000000, 0x00000000c3000000|100%| O|  |TAMS 0x00000000c3000000, 0x00000000c2f00000| Untracked 
|  48|0x00000000c3000000, 0x00000000c3100000, 0x00000000c3100000|100%| O|  |TAMS 0x00000000c3100000, 0x00000000c3000000| Untracked 
|  49|0x00000000c3100000, 0x00000000c3200000, 0x00000000c3200000|100%| O|  |TAMS 0x00000000c3200000, 0x00000000c3100000| Untracked 
|  50|0x00000000c3200000, 0x00000000c3300000, 0x00000000c3300000|100%| O|  |TAMS 0x00000000c3300000, 0x00000000c3200000| Untracked 
|  51|0x00000000c3300000, 0x00000000c3400000, 0x00000000c3400000|100%| O|  |TAMS 0x00000000c3400000, 0x00000000c3300000| Untracked 
|  52|0x00000000c3400000, 0x00000000c3500000, 0x00000000c3500000|100%| O|  |TAMS 0x00000000c3500000, 0x00000000c3400000| Untracked 
|  53|0x00000000c3500000, 0x00000000c3600000, 0x00000000c3600000|100%| O|  |TAMS 0x00000000c3600000, 0x00000000c3500000| Untracked 
|  54|0x00000000c3600000, 0x00000000c3700000, 0x00000000c3700000|100%| O|  |TAMS 0x00000000c3700000, 0x00000000c3600000| Untracked 
|  55|0x00000000c3700000, 0x00000000c3800000, 0x00000000c3800000|100%| O|  |TAMS 0x00000000c3800000, 0x00000000c3700000| Untracked 
|  56|0x00000000c3800000, 0x00000000c3900000, 0x00000000c3900000|100%| O|  |TAMS 0x00000000c3900000, 0x00000000c3800000| Untracked 
|  57|0x00000000c3900000, 0x00000000c3a00000, 0x00000000c3a00000|100%| O|  |TAMS 0x00000000c3a00000, 0x00000000c3900000| Untracked 
|  58|0x00000000c3a00000, 0x00000000c3b00000, 0x00000000c3b00000|100%| O|  |TAMS 0x00000000c3b00000, 0x00000000c3a00000| Untracked 
|  59|0x00000000c3b00000, 0x00000000c3c00000, 0x00000000c3c00000|100%| O|  |TAMS 0x00000000c3c00000, 0x00000000c3b00000| Untracked 
|  60|0x00000000c3c00000, 0x00000000c3d00000, 0x00000000c3d00000|100%| O|  |TAMS 0x00000000c3d00000, 0x00000000c3c00000| Untracked 
|  61|0x00000000c3d00000, 0x00000000c3e00000, 0x00000000c3e00000|100%| O|  |TAMS 0x00000000c3d00000, 0x00000000c3d00000| Untracked 
|  62|0x00000000c3e00000, 0x00000000c3f00000, 0x00000000c3f00000|100%| O|  |TAMS 0x00000000c3e00000, 0x00000000c3e00000| Untracked 
|  63|0x00000000c3f00000, 0x00000000c4000000, 0x00000000c4000000|100%| O|  |TAMS 0x00000000c3f00000, 0x00000000c3f00000| Untracked 
|  64|0x00000000c4000000, 0x00000000c4100000, 0x00000000c4100000|100%| O|  |TAMS 0x00000000c4000000, 0x00000000c4000000| Untracked 
|  65|0x00000000c4100000, 0x00000000c4200000, 0x00000000c4200000|100%| O|  |TAMS 0x00000000c4100000, 0x00000000c4100000| Untracked 
|  66|0x00000000c4200000, 0x00000000c4300000, 0x00000000c4300000|100%| O|  |TAMS 0x00000000c4200000, 0x00000000c4200000| Untracked 
|  67|0x00000000c4300000, 0x00000000c4400000, 0x00000000c4400000|100%| O|  |TAMS 0x00000000c4400000, 0x00000000c4300000| Untracked 
|  68|0x00000000c4400000, 0x00000000c4500000, 0x00000000c4500000|100%|HS|  |TAMS 0x00000000c4500000, 0x00000000c4400000| Complete 
|  69|0x00000000c4500000, 0x00000000c4600000, 0x00000000c4600000|100%|HC|  |TAMS 0x00000000c4600000, 0x00000000c4500000| Complete 
|  70|0x00000000c4600000, 0x00000000c4700000, 0x00000000c4700000|100%|HS|  |TAMS 0x00000000c4700000, 0x00000000c4600000| Complete 
|  71|0x00000000c4700000, 0x00000000c4800000, 0x00000000c4800000|100%|HS|  |TAMS 0x00000000c4800000, 0x00000000c4700000| Complete 
|  72|0x00000000c4800000, 0x00000000c4900000, 0x00000000c4900000|100%|HS|  |TAMS 0x00000000c4900000, 0x00000000c4800000| Complete 
|  73|0x00000000c4900000, 0x00000000c4a00000, 0x00000000c4a00000|100%|HC|  |TAMS 0x00000000c4a00000, 0x00000000c4900000| Complete 
|  74|0x00000000c4a00000, 0x00000000c4b00000, 0x00000000c4b00000|100%|HC|  |TAMS 0x00000000c4b00000, 0x00000000c4a00000| Complete 
|  75|0x00000000c4b00000, 0x00000000c4c00000, 0x00000000c4c00000|100%|HS|  |TAMS 0x00000000c4c00000, 0x00000000c4b00000| Complete 
|  76|0x00000000c4c00000, 0x00000000c4d00000, 0x00000000c4d00000|100%| O|  |TAMS 0x00000000c4d00000, 0x00000000c4c00000| Untracked 
|  77|0x00000000c4d00000, 0x00000000c4e00000, 0x00000000c4e00000|100%| O|  |TAMS 0x00000000c4d00000, 0x00000000c4d00000| Untracked 
|  78|0x00000000c4e00000, 0x00000000c4f00000, 0x00000000c4f00000|100%|HS|  |TAMS 0x00000000c4f00000, 0x00000000c4e00000| Complete 
|  79|0x00000000c4f00000, 0x00000000c5000000, 0x00000000c5000000|100%|HC|  |TAMS 0x00000000c5000000, 0x00000000c4f00000| Complete 
|  80|0x00000000c5000000, 0x00000000c5100000, 0x00000000c5100000|100%|HS|  |TAMS 0x00000000c5100000, 0x00000000c5000000| Complete 
|  81|0x00000000c5100000, 0x00000000c5200000, 0x00000000c5200000|100%|HC|  |TAMS 0x00000000c5200000, 0x00000000c5100000| Complete 
|  82|0x00000000c5200000, 0x00000000c5300000, 0x00000000c5300000|100%|HS|  |TAMS 0x00000000c5300000, 0x00000000c5200000| Complete 
|  83|0x00000000c5300000, 0x00000000c5400000, 0x00000000c5400000|100%|HS|  |TAMS 0x00000000c5400000, 0x00000000c5300000| Complete 
|  84|0x00000000c5400000, 0x00000000c5500000, 0x00000000c5500000|100%|HS|  |TAMS 0x00000000c5500000, 0x00000000c5400000| Complete 
|  85|0x00000000c5500000, 0x00000000c5600000, 0x00000000c5600000|100%|HC|  |TAMS 0x00000000c5600000, 0x00000000c5500000| Complete 
|  86|0x00000000c5600000, 0x00000000c5700000, 0x00000000c5700000|100%|HS|  |TAMS 0x00000000c5700000, 0x00000000c5600000| Complete 
|  87|0x00000000c5700000, 0x00000000c5800000, 0x00000000c5800000|100%| O|  |TAMS 0x00000000c5800000, 0x00000000c5700000| Untracked 
|  88|0x00000000c5800000, 0x00000000c5900000, 0x00000000c5900000|100%| O|  |TAMS 0x00000000c5900000, 0x00000000c5800000| Untracked 
|  89|0x00000000c5900000, 0x00000000c5a00000, 0x00000000c5a00000|100%| O|  |TAMS 0x00000000c5a00000, 0x00000000c5900000| Untracked 
|  90|0x00000000c5a00000, 0x00000000c5b00000, 0x00000000c5b00000|100%| O|  |TAMS 0x00000000c5b00000, 0x00000000c5a00000| Untracked 
|  91|0x00000000c5b00000, 0x00000000c5c00000, 0x00000000c5c00000|100%| O|  |TAMS 0x00000000c5c00000, 0x00000000c5b00000| Untracked 
|  92|0x00000000c5c00000, 0x00000000c5d00000, 0x00000000c5d00000|100%| O|  |TAMS 0x00000000c5d00000, 0x00000000c5c00000| Untracked 
|  93|0x00000000c5d00000, 0x00000000c5e00000, 0x00000000c5e00000|100%| O|  |TAMS 0x00000000c5e00000, 0x00000000c5d00000| Untracked 
|  94|0x00000000c5e00000, 0x00000000c5f00000, 0x00000000c5f00000|100%| O|  |TAMS 0x00000000c5f00000, 0x00000000c5e00000| Untracked 
|  95|0x00000000c5f00000, 0x00000000c6000000, 0x00000000c6000000|100%| O|  |TAMS 0x00000000c6000000, 0x00000000c5f00000| Untracked 
|  96|0x00000000c6000000, 0x00000000c6100000, 0x00000000c6100000|100%|HS|  |TAMS 0x00000000c6100000, 0x00000000c6000000| Complete 
|  97|0x00000000c6100000, 0x00000000c6200000, 0x00000000c6200000|100%| O|  |TAMS 0x00000000c6200000, 0x00000000c6100000| Untracked 
|  98|0x00000000c6200000, 0x00000000c6300000, 0x00000000c6300000|100%| O|  |TAMS 0x00000000c6300000, 0x00000000c6200000| Untracked 
|  99|0x00000000c6300000, 0x00000000c6400000, 0x00000000c6400000|100%| O|  |TAMS 0x00000000c6400000, 0x00000000c6300000| Untracked 
| 100|0x00000000c6400000, 0x00000000c6500000, 0x00000000c6500000|100%|HS|  |TAMS 0x00000000c6500000, 0x00000000c6400000| Complete 
| 101|0x00000000c6500000, 0x00000000c6600000, 0x00000000c6600000|100%|HS|  |TAMS 0x00000000c6600000, 0x00000000c6500000| Complete 
| 102|0x00000000c6600000, 0x00000000c6700000, 0x00000000c6700000|100%| O|  |TAMS 0x00000000c6700000, 0x00000000c6600000| Untracked 
| 103|0x00000000c6700000, 0x00000000c6800000, 0x00000000c6800000|100%|HS|  |TAMS 0x00000000c6800000, 0x00000000c6700000| Complete 
| 104|0x00000000c6800000, 0x00000000c6900000, 0x00000000c6900000|100%|HS|  |TAMS 0x00000000c6900000, 0x00000000c6800000| Complete 
| 105|0x00000000c6900000, 0x00000000c6a00000, 0x00000000c6a00000|100%| O|  |TAMS 0x00000000c6a00000, 0x00000000c6900000| Untracked 
| 106|0x00000000c6a00000, 0x00000000c6b00000, 0x00000000c6b00000|100%| O|  |TAMS 0x00000000c6b00000, 0x00000000c6a00000| Untracked 
| 107|0x00000000c6b00000, 0x00000000c6c00000, 0x00000000c6c00000|100%| O|  |TAMS 0x00000000c6c00000, 0x00000000c6b00000| Untracked 
| 108|0x00000000c6c00000, 0x00000000c6d00000, 0x00000000c6d00000|100%| O|  |TAMS 0x00000000c6d00000, 0x00000000c6c00000| Untracked 
| 109|0x00000000c6d00000, 0x00000000c6e00000, 0x00000000c6e00000|100%| O|  |TAMS 0x00000000c6e00000, 0x00000000c6d00000| Untracked 
| 110|0x00000000c6e00000, 0x00000000c6f00000, 0x00000000c6f00000|100%| O|  |TAMS 0x00000000c6e00000, 0x00000000c6e00000| Untracked 
| 111|0x00000000c6f00000, 0x00000000c7000000, 0x00000000c7000000|100%| O|  |TAMS 0x00000000c6f00000, 0x00000000c6f00000| Untracked 
| 112|0x00000000c7000000, 0x00000000c7100000, 0x00000000c7100000|100%| O|  |TAMS 0x00000000c7000000, 0x00000000c7000000| Untracked 
| 113|0x00000000c7100000, 0x00000000c7200000, 0x00000000c7200000|100%| O|  |TAMS 0x00000000c7100000, 0x00000000c7100000| Untracked 
| 114|0x00000000c7200000, 0x00000000c7300000, 0x00000000c7300000|100%|HS|  |TAMS 0x00000000c7300000, 0x00000000c7200000| Complete 
| 115|0x00000000c7300000, 0x00000000c7400000, 0x00000000c7400000|100%|HC|  |TAMS 0x00000000c7400000, 0x00000000c7300000| Complete 
| 116|0x00000000c7400000, 0x00000000c7500000, 0x00000000c7500000|100%| O|  |TAMS 0x00000000c7400000, 0x00000000c7400000| Untracked 
| 117|0x00000000c7500000, 0x00000000c7600000, 0x00000000c7600000|100%| O|  |TAMS 0x00000000c7600000, 0x00000000c7500000| Untracked 
| 118|0x00000000c7600000, 0x00000000c7700000, 0x00000000c7700000|100%| O|  |TAMS 0x00000000c7700000, 0x00000000c7600000| Untracked 
| 119|0x00000000c7700000, 0x00000000c7800000, 0x00000000c7800000|100%| O|  |TAMS 0x00000000c7800000, 0x00000000c7700000| Untracked 
| 120|0x00000000c7800000, 0x00000000c7900000, 0x00000000c7900000|100%| O|  |TAMS 0x00000000c7900000, 0x00000000c7800000| Untracked 
| 121|0x00000000c7900000, 0x00000000c7a00000, 0x00000000c7a00000|100%| O|  |TAMS 0x00000000c7a00000, 0x00000000c7900000| Untracked 
| 122|0x00000000c7a00000, 0x00000000c7b00000, 0x00000000c7b00000|100%| O|  |TAMS 0x00000000c7b00000, 0x00000000c7a00000| Untracked 
| 123|0x00000000c7b00000, 0x00000000c7c00000, 0x00000000c7c00000|100%| O|  |TAMS 0x00000000c7b00000, 0x00000000c7b00000| Untracked 
| 124|0x00000000c7c00000, 0x00000000c7d00000, 0x00000000c7d00000|100%| O|  |TAMS 0x00000000c7c00000, 0x00000000c7c00000| Untracked 
| 125|0x00000000c7d00000, 0x00000000c7e00000, 0x00000000c7e00000|100%| O|  |TAMS 0x00000000c7d00000, 0x00000000c7d00000| Untracked 
| 126|0x00000000c7e00000, 0x00000000c7f00000, 0x00000000c7f00000|100%| O|  |TAMS 0x00000000c7e00000, 0x00000000c7e00000| Untracked 
| 127|0x00000000c7f00000, 0x00000000c8000000, 0x00000000c8000000|100%| O|  |TAMS 0x00000000c7f00000, 0x00000000c7f00000| Untracked 
| 128|0x00000000c8000000, 0x00000000c8100000, 0x00000000c8100000|100%| O|  |TAMS 0x00000000c8000000, 0x00000000c8000000| Untracked 
| 129|0x00000000c8100000, 0x00000000c8200000, 0x00000000c8200000|100%| O|  |TAMS 0x00000000c8200000, 0x00000000c8100000| Untracked 
| 130|0x00000000c8200000, 0x00000000c8300000, 0x00000000c8300000|100%| O|  |TAMS 0x00000000c8300000, 0x00000000c8200000| Untracked 
| 131|0x00000000c8300000, 0x00000000c8400000, 0x00000000c8400000|100%| O|  |TAMS 0x00000000c8400000, 0x00000000c8300000| Untracked 
| 132|0x00000000c8400000, 0x00000000c8500000, 0x00000000c8500000|100%| O|  |TAMS 0x00000000c8500000, 0x00000000c8400000| Untracked 
| 133|0x00000000c8500000, 0x00000000c8600000, 0x00000000c8600000|100%| O|  |TAMS 0x00000000c8600000, 0x00000000c8500000| Untracked 
| 134|0x00000000c8600000, 0x00000000c8700000, 0x00000000c8700000|100%| O|  |TAMS 0x00000000c8700000, 0x00000000c8600000| Untracked 
| 135|0x00000000c8700000, 0x00000000c8800000, 0x00000000c8800000|100%| O|  |TAMS 0x00000000c8700000, 0x00000000c8700000| Untracked 
| 136|0x00000000c8800000, 0x00000000c8900000, 0x00000000c8900000|100%| O|  |TAMS 0x00000000c8800000, 0x00000000c8800000| Untracked 
| 137|0x00000000c8900000, 0x00000000c8a00000, 0x00000000c8a00000|100%| O|  |TAMS 0x00000000c8900000, 0x00000000c8900000| Untracked 
| 138|0x00000000c8a00000, 0x00000000c8b00000, 0x00000000c8b00000|100%| O|  |TAMS 0x00000000c8a00000, 0x00000000c8a00000| Untracked 
| 139|0x00000000c8b00000, 0x00000000c8c00000, 0x00000000c8c00000|100%| O|  |TAMS 0x00000000c8b00000, 0x00000000c8b00000| Untracked 
| 140|0x00000000c8c00000, 0x00000000c8d00000, 0x00000000c8d00000|100%| O|  |TAMS 0x00000000c8c00000, 0x00000000c8c00000| Untracked 
| 141|0x00000000c8d00000, 0x00000000c8e00000, 0x00000000c8e00000|100%| O|  |TAMS 0x00000000c8d00000, 0x00000000c8d00000| Untracked 
| 142|0x00000000c8e00000, 0x00000000c8f00000, 0x00000000c8f00000|100%| O|  |TAMS 0x00000000c8e00000, 0x00000000c8e00000| Untracked 
| 143|0x00000000c8f00000, 0x00000000c9000000, 0x00000000c9000000|100%| O|  |TAMS 0x00000000c8f00000, 0x00000000c8f00000| Untracked 
| 144|0x00000000c9000000, 0x00000000c9100000, 0x00000000c9100000|100%| O|  |TAMS 0x00000000c9000000, 0x00000000c9000000| Untracked 
| 145|0x00000000c9100000, 0x00000000c9200000, 0x00000000c9200000|100%| O|  |TAMS 0x00000000c9100000, 0x00000000c9100000| Untracked 
| 146|0x00000000c9200000, 0x00000000c9300000, 0x00000000c9300000|100%| O|  |TAMS 0x00000000c92e0400, 0x00000000c9200000| Untracked 
| 147|0x00000000c9300000, 0x00000000c9400000, 0x00000000c9400000|100%| O|  |TAMS 0x00000000c9300000, 0x00000000c9300000| Untracked 
| 148|0x00000000c9400000, 0x00000000c9500000, 0x00000000c9500000|100%| O|  |TAMS 0x00000000c9400000, 0x00000000c9400000| Untracked 
| 149|0x00000000c9500000, 0x00000000c9600000, 0x00000000c9600000|100%| O|  |TAMS 0x00000000c9500000, 0x00000000c9500000| Untracked 
| 150|0x00000000c9600000, 0x00000000c9700000, 0x00000000c9700000|100%| O|  |TAMS 0x00000000c9600000, 0x00000000c9600000| Untracked 
| 151|0x00000000c9700000, 0x00000000c9800000, 0x00000000c9800000|100%| O|  |TAMS 0x00000000c9700000, 0x00000000c9700000| Untracked 
| 152|0x00000000c9800000, 0x00000000c9900000, 0x00000000c9900000|100%| O|  |TAMS 0x00000000c9800000, 0x00000000c9800000| Untracked 
| 153|0x00000000c9900000, 0x00000000c9a00000, 0x00000000c9a00000|100%| O|  |TAMS 0x00000000c9900000, 0x00000000c9900000| Untracked 
| 154|0x00000000c9a00000, 0x00000000c9b00000, 0x00000000c9b00000|100%| O|  |TAMS 0x00000000c9a00000, 0x00000000c9a00000| Untracked 
| 155|0x00000000c9b00000, 0x00000000c9c00000, 0x00000000c9c00000|100%| O|  |TAMS 0x00000000c9b00000, 0x00000000c9b00000| Untracked 
| 156|0x00000000c9c00000, 0x00000000c9d00000, 0x00000000c9d00000|100%| O|  |TAMS 0x00000000c9c00000, 0x00000000c9c00000| Untracked 
| 157|0x00000000c9d00000, 0x00000000c9e00000, 0x00000000c9e00000|100%| O|  |TAMS 0x00000000c9d00000, 0x00000000c9d00000| Untracked 
| 158|0x00000000c9e00000, 0x00000000c9f00000, 0x00000000c9f00000|100%| O|  |TAMS 0x00000000c9e00000, 0x00000000c9e00000| Untracked 
| 159|0x00000000c9f00000, 0x00000000ca000000, 0x00000000ca000000|100%| O|  |TAMS 0x00000000c9f00000, 0x00000000c9f00000| Untracked 
| 160|0x00000000ca000000, 0x00000000ca100000, 0x00000000ca100000|100%| O|  |TAMS 0x00000000ca000000, 0x00000000ca000000| Untracked 
| 161|0x00000000ca100000, 0x00000000ca200000, 0x00000000ca200000|100%|HS|  |TAMS 0x00000000ca100000, 0x00000000ca100000| Complete 
| 162|0x00000000ca200000, 0x00000000ca300000, 0x00000000ca300000|100%|HC|  |TAMS 0x00000000ca200000, 0x00000000ca200000| Complete 
| 163|0x00000000ca300000, 0x00000000ca400000, 0x00000000ca400000|100%|HS|  |TAMS 0x00000000ca300000, 0x00000000ca300000| Complete 
| 164|0x00000000ca400000, 0x00000000ca500000, 0x00000000ca500000|100%|HC|  |TAMS 0x00000000ca400000, 0x00000000ca400000| Complete 
| 165|0x00000000ca500000, 0x00000000ca600000, 0x00000000ca600000|100%|HS|  |TAMS 0x00000000ca500000, 0x00000000ca500000| Complete 
| 166|0x00000000ca600000, 0x00000000ca700000, 0x00000000ca700000|100%|HC|  |TAMS 0x00000000ca600000, 0x00000000ca600000| Complete 
| 167|0x00000000ca700000, 0x00000000ca800000, 0x00000000ca800000|100%|HS|  |TAMS 0x00000000ca700000, 0x00000000ca700000| Complete 
| 168|0x00000000ca800000, 0x00000000ca900000, 0x00000000ca900000|100%|HC|  |TAMS 0x00000000ca800000, 0x00000000ca800000| Complete 
| 169|0x00000000ca900000, 0x00000000caa00000, 0x00000000caa00000|100%| O|  |TAMS 0x00000000ca900000, 0x00000000ca900000| Untracked 
| 170|0x00000000caa00000, 0x00000000cab00000, 0x00000000cab00000|100%| O|  |TAMS 0x00000000caa00000, 0x00000000caa00000| Untracked 
| 171|0x00000000cab00000, 0x00000000cac00000, 0x00000000cac00000|100%| O|  |TAMS 0x00000000cab00000, 0x00000000cab00000| Untracked 
| 172|0x00000000cac00000, 0x00000000cad00000, 0x00000000cad00000|100%| O|  |TAMS 0x00000000cac00000, 0x00000000cac00000| Untracked 
| 173|0x00000000cad00000, 0x00000000cae00000, 0x00000000cae00000|100%| O|  |TAMS 0x00000000cad00000, 0x00000000cad00000| Untracked 
| 174|0x00000000cae00000, 0x00000000caf00000, 0x00000000caf00000|100%| O|  |TAMS 0x00000000cae00000, 0x00000000cae00000| Untracked 
| 175|0x00000000caf00000, 0x00000000cb000000, 0x00000000cb000000|100%| O|  |TAMS 0x00000000caf00000, 0x00000000caf00000| Untracked 
| 176|0x00000000cb000000, 0x00000000cb100000, 0x00000000cb100000|100%| O|  |TAMS 0x00000000cb000000, 0x00000000cb000000| Untracked 
| 177|0x00000000cb100000, 0x00000000cb200000, 0x00000000cb200000|100%| O|  |TAMS 0x00000000cb100000, 0x00000000cb100000| Untracked 
| 178|0x00000000cb200000, 0x00000000cb28dc00, 0x00000000cb300000| 55%| O|  |TAMS 0x00000000cb200000, 0x00000000cb200000| Untracked 
| 179|0x00000000cb300000, 0x00000000cb300000, 0x00000000cb400000|  0%| F|  |TAMS 0x00000000cb300000, 0x00000000cb300000| Untracked 
| 180|0x00000000cb400000, 0x00000000cb400000, 0x00000000cb500000|  0%| F|  |TAMS 0x00000000cb400000, 0x00000000cb400000| Untracked 
| 181|0x00000000cb500000, 0x00000000cb500000, 0x00000000cb600000|  0%| F|  |TAMS 0x00000000cb500000, 0x00000000cb500000| Untracked 
| 182|0x00000000cb600000, 0x00000000cb600000, 0x00000000cb700000|  0%| F|  |TAMS 0x00000000cb600000, 0x00000000cb600000| Untracked 
| 183|0x00000000cb700000, 0x00000000cb700000, 0x00000000cb800000|  0%| F|  |TAMS 0x00000000cb700000, 0x00000000cb700000| Untracked 
| 184|0x00000000cb800000, 0x00000000cb800000, 0x00000000cb900000|  0%| F|  |TAMS 0x00000000cb800000, 0x00000000cb800000| Untracked 
| 185|0x00000000cb900000, 0x00000000cb900000, 0x00000000cba00000|  0%| F|  |TAMS 0x00000000cb900000, 0x00000000cb900000| Untracked 
| 186|0x00000000cba00000, 0x00000000cba00000, 0x00000000cbb00000|  0%| F|  |TAMS 0x00000000cba00000, 0x00000000cba00000| Untracked 
| 187|0x00000000cbb00000, 0x00000000cbb00000, 0x00000000cbc00000|  0%| F|  |TAMS 0x00000000cbb00000, 0x00000000cbb00000| Untracked 
| 188|0x00000000cbc00000, 0x00000000cbc00000, 0x00000000cbd00000|  0%| F|  |TAMS 0x00000000cbc00000, 0x00000000cbc00000| Untracked 
| 189|0x00000000cbd00000, 0x00000000cbd00000, 0x00000000cbe00000|  0%| F|  |TAMS 0x00000000cbd00000, 0x00000000cbd00000| Untracked 
| 190|0x00000000cbe00000, 0x00000000cbe00000, 0x00000000cbf00000|  0%| F|  |TAMS 0x00000000cbe00000, 0x00000000cbe00000| Untracked 
| 191|0x00000000cbf00000, 0x00000000cbf00000, 0x00000000cc000000|  0%| F|  |TAMS 0x00000000cbf00000, 0x00000000cbf00000| Untracked 
| 192|0x00000000cc000000, 0x00000000cc000000, 0x00000000cc100000|  0%| F|  |TAMS 0x00000000cc000000, 0x00000000cc000000| Untracked 
| 193|0x00000000cc100000, 0x00000000cc100000, 0x00000000cc200000|  0%| F|  |TAMS 0x00000000cc100000, 0x00000000cc100000| Untracked 
| 194|0x00000000cc200000, 0x00000000cc200000, 0x00000000cc300000|  0%| F|  |TAMS 0x00000000cc200000, 0x00000000cc200000| Untracked 
| 195|0x00000000cc300000, 0x00000000cc300000, 0x00000000cc400000|  0%| F|  |TAMS 0x00000000cc300000, 0x00000000cc300000| Untracked 
| 196|0x00000000cc400000, 0x00000000cc400000, 0x00000000cc500000|  0%| F|  |TAMS 0x00000000cc400000, 0x00000000cc400000| Untracked 
| 197|0x00000000cc500000, 0x00000000cc500000, 0x00000000cc600000|  0%| F|  |TAMS 0x00000000cc500000, 0x00000000cc500000| Untracked 
| 198|0x00000000cc600000, 0x00000000cc600000, 0x00000000cc700000|  0%| F|  |TAMS 0x00000000cc600000, 0x00000000cc600000| Untracked 
| 199|0x00000000cc700000, 0x00000000cc700000, 0x00000000cc800000|  0%| F|  |TAMS 0x00000000cc700000, 0x00000000cc700000| Untracked 
| 200|0x00000000cc800000, 0x00000000cc800000, 0x00000000cc900000|  0%| F|  |TAMS 0x00000000cc800000, 0x00000000cc800000| Untracked 
| 201|0x00000000cc900000, 0x00000000cc900000, 0x00000000cca00000|  0%| F|  |TAMS 0x00000000cc900000, 0x00000000cc900000| Untracked 
| 202|0x00000000cca00000, 0x00000000cca00000, 0x00000000ccb00000|  0%| F|  |TAMS 0x00000000cca00000, 0x00000000cca00000| Untracked 
| 203|0x00000000ccb00000, 0x00000000ccb00000, 0x00000000ccc00000|  0%| F|  |TAMS 0x00000000ccb00000, 0x00000000ccb00000| Untracked 
| 204|0x00000000ccc00000, 0x00000000ccc00000, 0x00000000ccd00000|  0%| F|  |TAMS 0x00000000ccc00000, 0x00000000ccc00000| Untracked 
| 205|0x00000000ccd00000, 0x00000000ccd00000, 0x00000000cce00000|  0%| F|  |TAMS 0x00000000ccd00000, 0x00000000ccd00000| Untracked 
| 206|0x00000000cce00000, 0x00000000cce00000, 0x00000000ccf00000|  0%| F|  |TAMS 0x00000000cce00000, 0x00000000cce00000| Untracked 
| 207|0x00000000ccf00000, 0x00000000ccf00000, 0x00000000cd000000|  0%| F|  |TAMS 0x00000000ccf00000, 0x00000000ccf00000| Untracked 
| 208|0x00000000cd000000, 0x00000000cd000000, 0x00000000cd100000|  0%| F|  |TAMS 0x00000000cd000000, 0x00000000cd000000| Untracked 
| 209|0x00000000cd100000, 0x00000000cd100000, 0x00000000cd200000|  0%| F|  |TAMS 0x00000000cd100000, 0x00000000cd100000| Untracked 
| 210|0x00000000cd200000, 0x00000000cd200000, 0x00000000cd300000|  0%| F|  |TAMS 0x00000000cd200000, 0x00000000cd200000| Untracked 
| 211|0x00000000cd300000, 0x00000000cd300000, 0x00000000cd400000|  0%| F|  |TAMS 0x00000000cd300000, 0x00000000cd300000| Untracked 
| 212|0x00000000cd400000, 0x00000000cd400000, 0x00000000cd500000|  0%| F|  |TAMS 0x00000000cd400000, 0x00000000cd400000| Untracked 
| 213|0x00000000cd500000, 0x00000000cd500000, 0x00000000cd600000|  0%| F|  |TAMS 0x00000000cd500000, 0x00000000cd500000| Untracked 
| 214|0x00000000cd600000, 0x00000000cd600000, 0x00000000cd700000|  0%| F|  |TAMS 0x00000000cd600000, 0x00000000cd600000| Untracked 
| 215|0x00000000cd700000, 0x00000000cd700000, 0x00000000cd800000|  0%| F|  |TAMS 0x00000000cd700000, 0x00000000cd700000| Untracked 
| 216|0x00000000cd800000, 0x00000000cd800000, 0x00000000cd900000|  0%| F|  |TAMS 0x00000000cd800000, 0x00000000cd800000| Untracked 
| 217|0x00000000cd900000, 0x00000000cd900000, 0x00000000cda00000|  0%| F|  |TAMS 0x00000000cd900000, 0x00000000cd900000| Untracked 
| 218|0x00000000cda00000, 0x00000000cda00000, 0x00000000cdb00000|  0%| F|  |TAMS 0x00000000cda00000, 0x00000000cda00000| Untracked 
| 219|0x00000000cdb00000, 0x00000000cdb00000, 0x00000000cdc00000|  0%| F|  |TAMS 0x00000000cdb00000, 0x00000000cdb00000| Untracked 
| 220|0x00000000cdc00000, 0x00000000cdc00000, 0x00000000cdd00000|  0%| F|  |TAMS 0x00000000cdc00000, 0x00000000cdc00000| Untracked 
| 221|0x00000000cdd00000, 0x00000000cdd56610, 0x00000000cde00000| 33%| S|CS|TAMS 0x00000000cdd00000, 0x00000000cdd00000| Complete 
| 222|0x00000000cde00000, 0x00000000cde00000, 0x00000000cdf00000|  0%| F|  |TAMS 0x00000000cde00000, 0x00000000cde00000| Untracked 
| 223|0x00000000cdf00000, 0x00000000cdf00000, 0x00000000ce000000|  0%| F|  |TAMS 0x00000000cdf00000, 0x00000000cdf00000| Untracked 
| 224|0x00000000ce000000, 0x00000000ce000000, 0x00000000ce100000|  0%| F|  |TAMS 0x00000000ce000000, 0x00000000ce000000| Untracked 
| 225|0x00000000ce100000, 0x00000000ce100000, 0x00000000ce200000|  0%| F|  |TAMS 0x00000000ce100000, 0x00000000ce100000| Untracked 
| 226|0x00000000ce200000, 0x00000000ce200000, 0x00000000ce300000|  0%| F|  |TAMS 0x00000000ce200000, 0x00000000ce200000| Untracked 
| 227|0x00000000ce300000, 0x00000000ce400000, 0x00000000ce400000|100%| S|CS|TAMS 0x00000000ce300000, 0x00000000ce300000| Complete 
| 228|0x00000000ce400000, 0x00000000ce500000, 0x00000000ce500000|100%| S|CS|TAMS 0x00000000ce400000, 0x00000000ce400000| Complete 
| 229|0x00000000ce500000, 0x00000000ce600000, 0x00000000ce600000|100%| S|CS|TAMS 0x00000000ce500000, 0x00000000ce500000| Complete 
| 230|0x00000000ce600000, 0x00000000ce700000, 0x00000000ce700000|100%| S|CS|TAMS 0x00000000ce600000, 0x00000000ce600000| Complete 
| 231|0x00000000ce700000, 0x00000000ce700000, 0x00000000ce800000|  0%| F|  |TAMS 0x00000000ce700000, 0x00000000ce700000| Untracked 
| 232|0x00000000ce800000, 0x00000000ce800000, 0x00000000ce900000|  0%| F|  |TAMS 0x00000000ce800000, 0x00000000ce800000| Untracked 
| 233|0x00000000ce900000, 0x00000000ce900000, 0x00000000cea00000|  0%| F|  |TAMS 0x00000000ce900000, 0x00000000ce900000| Untracked 
| 234|0x00000000cea00000, 0x00000000cea00000, 0x00000000ceb00000|  0%| F|  |TAMS 0x00000000cea00000, 0x00000000cea00000| Untracked 
| 235|0x00000000ceb00000, 0x00000000ceb00000, 0x00000000cec00000|  0%| F|  |TAMS 0x00000000ceb00000, 0x00000000ceb00000| Untracked 
| 236|0x00000000cec00000, 0x00000000cec00000, 0x00000000ced00000|  0%| F|  |TAMS 0x00000000cec00000, 0x00000000cec00000| Untracked 
| 237|0x00000000ced00000, 0x00000000ced00000, 0x00000000cee00000|  0%| F|  |TAMS 0x00000000ced00000, 0x00000000ced00000| Untracked 
| 238|0x00000000cee00000, 0x00000000cee00000, 0x00000000cef00000|  0%| F|  |TAMS 0x00000000cee00000, 0x00000000cee00000| Untracked 
| 239|0x00000000cef00000, 0x00000000cef00000, 0x00000000cf000000|  0%| F|  |TAMS 0x00000000cef00000, 0x00000000cef00000| Untracked 
| 240|0x00000000cf000000, 0x00000000cf000000, 0x00000000cf100000|  0%| F|  |TAMS 0x00000000cf000000, 0x00000000cf000000| Untracked 
| 241|0x00000000cf100000, 0x00000000cf100000, 0x00000000cf200000|  0%| F|  |TAMS 0x00000000cf100000, 0x00000000cf100000| Untracked 
| 242|0x00000000cf200000, 0x00000000cf200000, 0x00000000cf300000|  0%| F|  |TAMS 0x00000000cf200000, 0x00000000cf200000| Untracked 
| 243|0x00000000cf300000, 0x00000000cf300000, 0x00000000cf400000|  0%| F|  |TAMS 0x00000000cf300000, 0x00000000cf300000| Untracked 
| 244|0x00000000cf400000, 0x00000000cf400000, 0x00000000cf500000|  0%| F|  |TAMS 0x00000000cf400000, 0x00000000cf400000| Untracked 
| 245|0x00000000cf500000, 0x00000000cf500000, 0x00000000cf600000|  0%| F|  |TAMS 0x00000000cf500000, 0x00000000cf500000| Untracked 
| 246|0x00000000cf600000, 0x00000000cf600000, 0x00000000cf700000|  0%| F|  |TAMS 0x00000000cf600000, 0x00000000cf600000| Untracked 
| 247|0x00000000cf700000, 0x00000000cf700000, 0x00000000cf800000|  0%| F|  |TAMS 0x00000000cf700000, 0x00000000cf700000| Untracked 
| 248|0x00000000cf800000, 0x00000000cf8f2a90, 0x00000000cf900000| 94%| E|  |TAMS 0x00000000cf800000, 0x00000000cf800000| Complete 
| 249|0x00000000cf900000, 0x00000000cfa00000, 0x00000000cfa00000|100%| E|  |TAMS 0x00000000cf900000, 0x00000000cf900000| Complete 
| 250|0x00000000cfa00000, 0x00000000cfb00000, 0x00000000cfb00000|100%| E|CS|TAMS 0x00000000cfa00000, 0x00000000cfa00000| Complete 
| 251|0x00000000cfb00000, 0x00000000cfc00000, 0x00000000cfc00000|100%| E|CS|TAMS 0x00000000cfb00000, 0x00000000cfb00000| Complete 
| 252|0x00000000cfc00000, 0x00000000cfd00000, 0x00000000cfd00000|100%| E|CS|TAMS 0x00000000cfc00000, 0x00000000cfc00000| Complete 
| 253|0x00000000cfd00000, 0x00000000cfe00000, 0x00000000cfe00000|100%| E|CS|TAMS 0x00000000cfd00000, 0x00000000cfd00000| Complete 
| 254|0x00000000cfe00000, 0x00000000cff00000, 0x00000000cff00000|100%| E|CS|TAMS 0x00000000cfe00000, 0x00000000cfe00000| Complete 
| 255|0x00000000cff00000, 0x00000000d0000000, 0x00000000d0000000|100%| E|CS|TAMS 0x00000000cff00000, 0x00000000cff00000| Complete 
| 256|0x00000000d0000000, 0x00000000d0100000, 0x00000000d0100000|100%| E|CS|TAMS 0x00000000d0000000, 0x00000000d0000000| Complete 
| 257|0x00000000d0100000, 0x00000000d0200000, 0x00000000d0200000|100%| E|CS|TAMS 0x00000000d0100000, 0x00000000d0100000| Complete 
| 258|0x00000000d0200000, 0x00000000d0300000, 0x00000000d0300000|100%| E|CS|TAMS 0x00000000d0200000, 0x00000000d0200000| Complete 
| 259|0x00000000d0300000, 0x00000000d0400000, 0x00000000d0400000|100%| E|CS|TAMS 0x00000000d0300000, 0x00000000d0300000| Complete 
| 260|0x00000000d0400000, 0x00000000d0500000, 0x00000000d0500000|100%| E|CS|TAMS 0x00000000d0400000, 0x00000000d0400000| Complete 
| 261|0x00000000d0500000, 0x00000000d0600000, 0x00000000d0600000|100%| E|CS|TAMS 0x00000000d0500000, 0x00000000d0500000| Complete 
| 262|0x00000000d0600000, 0x00000000d0700000, 0x00000000d0700000|100%| E|CS|TAMS 0x00000000d0600000, 0x00000000d0600000| Complete 
| 263|0x00000000d0700000, 0x00000000d0800000, 0x00000000d0800000|100%| E|CS|TAMS 0x00000000d0700000, 0x00000000d0700000| Complete 
| 264|0x00000000d0800000, 0x00000000d0900000, 0x00000000d0900000|100%| E|CS|TAMS 0x00000000d0800000, 0x00000000d0800000| Complete 
| 265|0x00000000d0900000, 0x00000000d0a00000, 0x00000000d0a00000|100%| E|CS|TAMS 0x00000000d0900000, 0x00000000d0900000| Complete 
| 266|0x00000000d0a00000, 0x00000000d0b00000, 0x00000000d0b00000|100%| E|CS|TAMS 0x00000000d0a00000, 0x00000000d0a00000| Complete 
| 267|0x00000000d0b00000, 0x00000000d0c00000, 0x00000000d0c00000|100%| E|CS|TAMS 0x00000000d0b00000, 0x00000000d0b00000| Complete 
| 268|0x00000000d0c00000, 0x00000000d0d00000, 0x00000000d0d00000|100%| E|CS|TAMS 0x00000000d0c00000, 0x00000000d0c00000| Complete 
| 269|0x00000000d0d00000, 0x00000000d0e00000, 0x00000000d0e00000|100%| E|CS|TAMS 0x00000000d0d00000, 0x00000000d0d00000| Complete 
| 270|0x00000000d0e00000, 0x00000000d0f00000, 0x00000000d0f00000|100%| E|CS|TAMS 0x00000000d0e00000, 0x00000000d0e00000| Complete 
| 271|0x00000000d0f00000, 0x00000000d1000000, 0x00000000d1000000|100%| E|CS|TAMS 0x00000000d0f00000, 0x00000000d0f00000| Complete 
| 272|0x00000000d1000000, 0x00000000d1100000, 0x00000000d1100000|100%| E|CS|TAMS 0x00000000d1000000, 0x00000000d1000000| Complete 
| 273|0x00000000d1100000, 0x00000000d1200000, 0x00000000d1200000|100%| E|CS|TAMS 0x00000000d1100000, 0x00000000d1100000| Complete 
| 274|0x00000000d1200000, 0x00000000d1300000, 0x00000000d1300000|100%| E|CS|TAMS 0x00000000d1200000, 0x00000000d1200000| Complete 
| 275|0x00000000d1300000, 0x00000000d1400000, 0x00000000d1400000|100%| E|CS|TAMS 0x00000000d1300000, 0x00000000d1300000| Complete 
| 276|0x00000000d1400000, 0x00000000d1500000, 0x00000000d1500000|100%| E|CS|TAMS 0x00000000d1400000, 0x00000000d1400000| Complete 
| 277|0x00000000d1500000, 0x00000000d1600000, 0x00000000d1600000|100%| E|CS|TAMS 0x00000000d1500000, 0x00000000d1500000| Complete 
| 278|0x00000000d1600000, 0x00000000d1700000, 0x00000000d1700000|100%| E|CS|TAMS 0x00000000d1600000, 0x00000000d1600000| Complete 
| 279|0x00000000d1700000, 0x00000000d1800000, 0x00000000d1800000|100%| E|CS|TAMS 0x00000000d1700000, 0x00000000d1700000| Complete 
| 280|0x00000000d1800000, 0x00000000d1900000, 0x00000000d1900000|100%| E|CS|TAMS 0x00000000d1800000, 0x00000000d1800000| Complete 
| 281|0x00000000d1900000, 0x00000000d1a00000, 0x00000000d1a00000|100%| E|CS|TAMS 0x00000000d1900000, 0x00000000d1900000| Complete 
| 282|0x00000000d1a00000, 0x00000000d1b00000, 0x00000000d1b00000|100%| E|CS|TAMS 0x00000000d1a00000, 0x00000000d1a00000| Complete 
| 283|0x00000000d1b00000, 0x00000000d1c00000, 0x00000000d1c00000|100%| E|CS|TAMS 0x00000000d1b00000, 0x00000000d1b00000| Complete 
| 284|0x00000000d1c00000, 0x00000000d1d00000, 0x00000000d1d00000|100%| E|CS|TAMS 0x00000000d1c00000, 0x00000000d1c00000| Complete 
| 285|0x00000000d1d00000, 0x00000000d1e00000, 0x00000000d1e00000|100%| E|CS|TAMS 0x00000000d1d00000, 0x00000000d1d00000| Complete 
| 286|0x00000000d1e00000, 0x00000000d1f00000, 0x00000000d1f00000|100%| E|CS|TAMS 0x00000000d1e00000, 0x00000000d1e00000| Complete 
| 287|0x00000000d1f00000, 0x00000000d2000000, 0x00000000d2000000|100%| E|CS|TAMS 0x00000000d1f00000, 0x00000000d1f00000| Complete 
| 288|0x00000000d2000000, 0x00000000d2100000, 0x00000000d2100000|100%| E|CS|TAMS 0x00000000d2000000, 0x00000000d2000000| Complete 
| 289|0x00000000d2100000, 0x00000000d2200000, 0x00000000d2200000|100%| E|CS|TAMS 0x00000000d2100000, 0x00000000d2100000| Complete 
| 290|0x00000000d2200000, 0x00000000d2300000, 0x00000000d2300000|100%| E|CS|TAMS 0x00000000d2200000, 0x00000000d2200000| Complete 
| 291|0x00000000d2300000, 0x00000000d2400000, 0x00000000d2400000|100%| E|CS|TAMS 0x00000000d2300000, 0x00000000d2300000| Complete 
| 292|0x00000000d2400000, 0x00000000d2500000, 0x00000000d2500000|100%| E|CS|TAMS 0x00000000d2400000, 0x00000000d2400000| Complete 
| 406|0x00000000d9600000, 0x00000000d9700000, 0x00000000d9700000|100%| E|CS|TAMS 0x00000000d9600000, 0x00000000d9600000| Complete 
| 407|0x00000000d9700000, 0x00000000d9800000, 0x00000000d9800000|100%| E|CS|TAMS 0x00000000d9700000, 0x00000000d9700000| Complete 
| 408|0x00000000d9800000, 0x00000000d9900000, 0x00000000d9900000|100%| E|CS|TAMS 0x00000000d9800000, 0x00000000d9800000| Complete 
| 409|0x00000000d9900000, 0x00000000d9a00000, 0x00000000d9a00000|100%| E|CS|TAMS 0x00000000d9900000, 0x00000000d9900000| Complete 
| 410|0x00000000d9a00000, 0x00000000d9b00000, 0x00000000d9b00000|100%| E|CS|TAMS 0x00000000d9a00000, 0x00000000d9a00000| Complete 
| 411|0x00000000d9b00000, 0x00000000d9c00000, 0x00000000d9c00000|100%| E|CS|TAMS 0x00000000d9b00000, 0x00000000d9b00000| Complete 
| 412|0x00000000d9c00000, 0x00000000d9d00000, 0x00000000d9d00000|100%| E|CS|TAMS 0x00000000d9c00000, 0x00000000d9c00000| Complete 
| 413|0x00000000d9d00000, 0x00000000d9e00000, 0x00000000d9e00000|100%| E|CS|TAMS 0x00000000d9d00000, 0x00000000d9d00000| Complete 
| 414|0x00000000d9e00000, 0x00000000d9f00000, 0x00000000d9f00000|100%| E|CS|TAMS 0x00000000d9e00000, 0x00000000d9e00000| Complete 
| 415|0x00000000d9f00000, 0x00000000da000000, 0x00000000da000000|100%| E|CS|TAMS 0x00000000d9f00000, 0x00000000d9f00000| Complete 
| 416|0x00000000da000000, 0x00000000da100000, 0x00000000da100000|100%| E|CS|TAMS 0x00000000da000000, 0x00000000da000000| Complete 
| 510|0x00000000dfe00000, 0x00000000dff00000, 0x00000000dff00000|100%| E|CS|TAMS 0x00000000dfe00000, 0x00000000dfe00000| Complete 
| 511|0x00000000dff00000, 0x00000000e0000000, 0x00000000e0000000|100%| E|CS|TAMS 0x00000000dff00000, 0x00000000dff00000| Complete 
| 993|0x00000000fe100000, 0x00000000fe200000, 0x00000000fe200000|100%| O|  |TAMS 0x00000000fe200000, 0x00000000fe100000| Untracked 
| 994|0x00000000fe200000, 0x00000000fe300000, 0x00000000fe300000|100%| E|CS|TAMS 0x00000000fe200000, 0x00000000fe200000| Complete 
| 995|0x00000000fe300000, 0x00000000fe400000, 0x00000000fe400000|100%| E|CS|TAMS 0x00000000fe300000, 0x00000000fe300000| Complete 
| 996|0x00000000fe400000, 0x00000000fe500000, 0x00000000fe500000|100%| E|CS|TAMS 0x00000000fe400000, 0x00000000fe400000| Complete 
| 997|0x00000000fe500000, 0x00000000fe600000, 0x00000000fe600000|100%| E|CS|TAMS 0x00000000fe500000, 0x00000000fe500000| Complete 
| 998|0x00000000fe600000, 0x00000000fe700000, 0x00000000fe700000|100%| E|CS|TAMS 0x00000000fe600000, 0x00000000fe600000| Complete 
| 999|0x00000000fe700000, 0x00000000fe800000, 0x00000000fe800000|100%| E|CS|TAMS 0x00000000fe700000, 0x00000000fe700000| Complete 
|1000|0x00000000fe800000, 0x00000000fe900000, 0x00000000fe900000|100%| E|CS|TAMS 0x00000000fe800000, 0x00000000fe800000| Complete 
|1001|0x00000000fe900000, 0x00000000fea00000, 0x00000000fea00000|100%| E|CS|TAMS 0x00000000fe900000, 0x00000000fe900000| Complete 
|1002|0x00000000fea00000, 0x00000000feb00000, 0x00000000feb00000|100%| E|CS|TAMS 0x00000000fea00000, 0x00000000fea00000| Complete 
|1003|0x00000000feb00000, 0x00000000fec00000, 0x00000000fec00000|100%| E|CS|TAMS 0x00000000feb00000, 0x00000000feb00000| Complete 
|1004|0x00000000fec00000, 0x00000000fed00000, 0x00000000fed00000|100%| E|CS|TAMS 0x00000000fec00000, 0x00000000fec00000| Complete 
|1005|0x00000000fed00000, 0x00000000fee00000, 0x00000000fee00000|100%| E|CS|TAMS 0x00000000fed00000, 0x00000000fed00000| Complete 
|1006|0x00000000fee00000, 0x00000000fef00000, 0x00000000fef00000|100%| E|CS|TAMS 0x00000000fee00000, 0x00000000fee00000| Complete 
|1007|0x00000000fef00000, 0x00000000ff000000, 0x00000000ff000000|100%| O|  |TAMS 0x00000000ff000000, 0x00000000fef00000| Untracked 
|1008|0x00000000ff000000, 0x00000000ff100000, 0x00000000ff100000|100%| O|  |TAMS 0x00000000ff100000, 0x00000000ff000000| Untracked 
|1009|0x00000000ff100000, 0x00000000ff200000, 0x00000000ff200000|100%| E|CS|TAMS 0x00000000ff100000, 0x00000000ff100000| Complete 
|1010|0x00000000ff200000, 0x00000000ff300000, 0x00000000ff300000|100%| E|CS|TAMS 0x00000000ff200000, 0x00000000ff200000| Complete 
|1011|0x00000000ff300000, 0x00000000ff400000, 0x00000000ff400000|100%| O|  |TAMS 0x00000000ff400000, 0x00000000ff300000| Untracked 
|1012|0x00000000ff400000, 0x00000000ff500000, 0x00000000ff500000|100%| O|  |TAMS 0x00000000ff500000, 0x00000000ff400000| Untracked 
|1013|0x00000000ff500000, 0x00000000ff600000, 0x00000000ff600000|100%| O|  |TAMS 0x00000000ff600000, 0x00000000ff500000| Untracked 
|1014|0x00000000ff600000, 0x00000000ff700000, 0x00000000ff700000|100%| O|  |TAMS 0x00000000ff700000, 0x00000000ff600000| Untracked 
|1015|0x00000000ff700000, 0x00000000ff800000, 0x00000000ff800000|100%| O|  |TAMS 0x00000000ff800000, 0x00000000ff700000| Untracked 
|1016|0x00000000ff800000, 0x00000000ff900000, 0x00000000ff900000|100%| O|  |TAMS 0x00000000ff900000, 0x00000000ff800000| Untracked 
|1017|0x00000000ff900000, 0x00000000ffa00000, 0x00000000ffa00000|100%| O|  |TAMS 0x00000000ffa00000, 0x00000000ff900000| Untracked 
|1018|0x00000000ffa00000, 0x00000000ffb00000, 0x00000000ffb00000|100%| O|  |TAMS 0x00000000ffb00000, 0x00000000ffa00000| Untracked 
|1019|0x00000000ffb00000, 0x00000000ffc00000, 0x00000000ffc00000|100%| O|  |TAMS 0x00000000ffc00000, 0x00000000ffb00000| Untracked 
|1020|0x00000000ffc00000, 0x00000000ffd00000, 0x00000000ffd00000|100%| O|  |TAMS 0x00000000ffd00000, 0x00000000ffc00000| Untracked 
|1021|0x00000000ffd00000, 0x00000000ffe00000, 0x00000000ffe00000|100%| O|  |TAMS 0x00000000ffe00000, 0x00000000ffd00000| Untracked 
|1022|0x00000000ffe00000, 0x00000000fff00000, 0x00000000fff00000|100%| O|  |TAMS 0x00000000fff00000, 0x00000000ffe00000| Untracked 
|1023|0x00000000fff00000, 0x0000000100000000, 0x0000000100000000|100%| O|  |TAMS 0x0000000100000000, 0x00000000fff00000| Untracked 

Card table byte_map: [0x0000026a570f0000,0x0000026a572f0000] _byte_map_base: 0x0000026a56af0000

Marking Bits (Prev, Next): (CMBitMap*) 0x0000026a403a3200, (CMBitMap*) 0x0000026a403a31c0
 Prev Bits: [0x0000026a584f0000, 0x0000026a594f0000)
 Next Bits: [0x0000026a574f0000, 0x0000026a584f0000)

Polling page: 0x0000026a3e2f0000

Metaspace:

Usage:
  Non-class:     98.95 MB used.
      Class:     15.16 MB used.
       Both:    114.12 MB used.

Virtual space:
  Non-class space:      104.00 MB reserved,      99.56 MB ( 96%) committed,  13 nodes.
      Class space:        1.00 GB reserved,      15.81 MB (  2%) committed,  1 nodes.
             Both:        1.10 GB reserved,     115.38 MB ( 10%) committed. 

Chunk freelists:
   Non-Class:  272.00 KB
       Class:  171.00 KB
        Both:  443.00 KB

MaxMetaspaceSize: unlimited
CompressedClassSpaceSize: 1.00 GB
Initial GC threshold: 21.00 MB
Current GC threshold: 140.56 MB
CDS: on
MetaspaceReclaimPolicy: balanced
 - commit_granule_bytes: 65536.
 - commit_granule_words: 8192.
 - virtual_space_node_default_size: 1048576.
 - enlarge_chunks_in_place: 1.
 - new_chunks_are_fully_committed: 0.
 - uncommit_free_chunks: 1.
 - use_allocation_guard: 0.
 - handle_deallocations: 1.


Internal statistics:

num_allocs_failed_limit: 6.
num_arena_births: 2304.
num_arena_deaths: 58.
num_vsnodes_births: 14.
num_vsnodes_deaths: 0.
num_space_committed: 1846.
num_space_uncommitted: 0.
num_chunks_returned_to_freelist: 91.
num_chunks_taken_from_freelist: 7911.
num_chunk_merges: 36.
num_chunk_splits: 4709.
num_chunks_enlarged: 2512.
num_purges: 2.
num_inconsistent_stats: 0.

CodeHeap 'non-profiled nmethods': size=120000Kb used=15739Kb max_used=15739Kb free=104260Kb
 bounds [0x0000026a4f690000, 0x0000026a505f0000, 0x0000026a56bc0000]
CodeHeap 'profiled nmethods': size=120000Kb used=40990Kb max_used=41471Kb free=79009Kb
 bounds [0x0000026a48160000, 0x0000026a4a9f0000, 0x0000026a4f690000]
CodeHeap 'non-nmethods': size=5760Kb used=2492Kb max_used=2615Kb free=3267Kb
 bounds [0x0000026a47bc0000, 0x0000026a47e70000, 0x0000026a48160000]
 total_blobs=21364 nmethods=20334 adapters=940
 compilation: enabled
              stopped_count=0, restarted_count=0
 full_count=0

Compilation events (20 events):
Event: 1256.011 Thread 0x0000026a5bf5d1d0 26041       2       com.google.common.collect.Sets::filter (75 bytes)
Event: 1256.012 Thread 0x0000026a5bf5d1d0 nmethod 26041 0x0000026a48cdd890 code [0x0000026a48cddb00, 0x0000026a48cde858]
Event: 1256.012 Thread 0x0000026a5bf5d1d0 26039       2       com.google.common.collect.Sets$FilteredSet::<init> (7 bytes)
Event: 1256.012 Thread 0x0000026a5bf5d1d0 nmethod 26039 0x0000026a493ebf10 code [0x0000026a493ec0a0, 0x0000026a493ec258]
Event: 1256.012 Thread 0x0000026a5bf5d1d0 26040       2       com.google.common.collect.Maps::filterKeys (9 bytes)
Event: 1256.012 Thread 0x0000026a5bf5d1d0 nmethod 26040 0x0000026a49d9a990 code [0x0000026a49d9ab40, 0x0000026a49d9ac78]
Event: 1256.012 Thread 0x0000026a5bf5d1d0 26042 %     3       org.gradle.internal.file.FilePathUtil::sizeOfCommonPrefix @ 21 (142 bytes)
Event: 1256.015 Thread 0x0000026a5bf5d1d0 nmethod 26042% 0x0000026a49e89590 code [0x0000026a49e89a00, 0x0000026a49e8bf98]
Event: 1256.019 Thread 0x0000026a5bf5d1d0 26043       2       org.gradle.internal.snapshot.impl.IsolatedEnumValueSnapshot::isolate (5 bytes)
Event: 1256.019 Thread 0x0000026a5bf5d1d0 nmethod 26043 0x0000026a49d9a610 code [0x0000026a49d9a7a0, 0x0000026a49d9a8b8]
Event: 1256.029 Thread 0x0000026a5bf5d1d0 26044       2       com.android.tools.r8.ProgramResource$ByteResource::<init> (46 bytes)
Event: 1256.030 Thread 0x0000026a5bf5d1d0 nmethod 26044 0x0000026a49d9a190 code [0x0000026a49d9a320, 0x0000026a49d9a598]
Event: 1256.030 Thread 0x0000026a5bf5d1d0 26045       2       com.android.tools.r8.utils.j$a::a (15 bytes)
Event: 1256.030 Thread 0x0000026a5bf5d1d0 nmethod 26045 0x0000026a48398910 code [0x0000026a48398ac0, 0x0000026a48398d78]
Event: 1256.031 Thread 0x0000026a5bf5d1d0 26046       2       com.android.tools.r8.internal.jl::<init> (10 bytes)
Event: 1256.031 Thread 0x0000026a5bf5d1d0 nmethod 26046 0x0000026a49d99e10 code [0x0000026a49d99fa0, 0x0000026a49d9a0c8]
Event: 1256.033 Thread 0x0000026a5bf5d1d0 26048       2       com.android.tools.r8.code.a1::<init> (12 bytes)
Event: 1256.033 Thread 0x0000026a5bf5d1d0 nmethod 26048 0x0000026a48398510 code [0x0000026a483986a0, 0x0000026a483987f8]
Event: 1256.033 Thread 0x0000026a5bf5d1d0 26049       2       com.android.tools.r8.internal.zS::<init> (10 bytes)
Event: 1256.033 Thread 0x0000026a5bf5d1d0 nmethod 26049 0x0000026a48397f10 code [0x0000026a483980a0, 0x0000026a483981b8]

GC Heap History (20 events):
Event: 18.491 GC heap before
{Heap before GC invocations=40 (full 0):
 garbage-first heap   total 345088K, used 264479K [0x00000000c0000000, 0x0000000100000000)
  region size 1024K, 82 young (83968K), 2 survivors (2048K)
 Metaspace       used 86082K, committed 86784K, reserved 1130496K
  class space    used 11524K, committed 11904K, reserved 1048576K
}
Event: 18.494 GC heap after
{Heap after GC invocations=41 (full 0):
 garbage-first heap   total 345088K, used 180941K [0x00000000c0000000, 0x0000000100000000)
  region size 1024K, 2 young (2048K), 2 survivors (2048K)
 Metaspace       used 86082K, committed 86784K, reserved 1130496K
  class space    used 11524K, committed 11904K, reserved 1048576K
}
Event: 18.567 GC heap before
{Heap before GC invocations=41 (full 0):
 garbage-first heap   total 345088K, used 194253K [0x00000000c0000000, 0x0000000100000000)
  region size 1024K, 16 young (16384K), 2 survivors (2048K)
 Metaspace       used 86110K, committed 86848K, reserved 1130496K
  class space    used 11524K, committed 11904K, reserved 1048576K
}
Event: 18.577 GC heap after
{Heap after GC invocations=42 (full 0):
 garbage-first heap   total 345088K, used 156032K [0x00000000c0000000, 0x0000000100000000)
  region size 1024K, 2 young (2048K), 2 survivors (2048K)
 Metaspace       used 86110K, committed 86848K, reserved 1130496K
  class space    used 11524K, committed 11904K, reserved 1048576K
}
Event: 233.494 GC heap before
{Heap before GC invocations=42 (full 0):
 garbage-first heap   total 345088K, used 287104K [0x00000000c0000000, 0x0000000100000000)
  region size 1024K, 103 young (105472K), 2 survivors (2048K)
 Metaspace       used 93890K, committed 94656K, reserved 1130496K
  class space    used 12515K, committed 12928K, reserved 1048576K
}
Event: 233.500 GC heap after
{Heap after GC invocations=43 (full 0):
 garbage-first heap   total 345088K, used 163411K [0x00000000c0000000, 0x0000000100000000)
  region size 1024K, 10 young (10240K), 10 survivors (10240K)
 Metaspace       used 93890K, committed 94656K, reserved 1130496K
  class space    used 12515K, committed 12928K, reserved 1048576K
}
Event: 235.409 GC heap before
{Heap before GC invocations=43 (full 0):
 garbage-first heap   total 345088K, used 265811K [0x00000000c0000000, 0x0000000100000000)
  region size 1024K, 110 young (112640K), 10 survivors (10240K)
 Metaspace       used 101621K, committed 102464K, reserved 1138688K
  class space    used 13569K, committed 14016K, reserved 1048576K
}
Event: 235.419 GC heap after
{Heap after GC invocations=44 (full 0):
 garbage-first heap   total 345088K, used 170990K [0x00000000c0000000, 0x0000000100000000)
  region size 1024K, 8 young (8192K), 8 survivors (8192K)
 Metaspace       used 101621K, committed 102464K, reserved 1138688K
  class space    used 13569K, committed 14016K, reserved 1048576K
}
Event: 237.572 GC heap before
{Heap before GC invocations=44 (full 0):
 garbage-first heap   total 345088K, used 273390K [0x00000000c0000000, 0x0000000100000000)
  region size 1024K, 107 young (109568K), 8 survivors (8192K)
 Metaspace       used 109110K, committed 109952K, reserved 1146880K
  class space    used 14624K, committed 15040K, reserved 1048576K
}
Event: 237.581 GC heap after
{Heap after GC invocations=45 (full 0):
 garbage-first heap   total 345088K, used 178667K [0x00000000c0000000, 0x0000000100000000)
  region size 1024K, 14 young (14336K), 14 survivors (14336K)
 Metaspace       used 109110K, committed 109952K, reserved 1146880K
  class space    used 14624K, committed 15040K, reserved 1048576K
}
Event: 577.271 GC heap before
{Heap before GC invocations=45 (full 0):
 garbage-first heap   total 345088K, used 276971K [0x00000000c0000000, 0x0000000100000000)
  region size 1024K, 110 young (112640K), 14 survivors (14336K)
 Metaspace       used 112603K, committed 113408K, reserved 1146880K
  class space    used 15051K, committed 15488K, reserved 1048576K
}
Event: 577.282 GC heap after
{Heap after GC invocations=46 (full 0):
 garbage-first heap   total 345088K, used 184939K [0x00000000c0000000, 0x0000000100000000)
  region size 1024K, 7 young (7168K), 7 survivors (7168K)
 Metaspace       used 112603K, committed 113408K, reserved 1146880K
  class space    used 15051K, committed 15488K, reserved 1048576K
}
Event: 582.175 GC heap before
{Heap before GC invocations=46 (full 0):
 garbage-first heap   total 345088K, used 281195K [0x00000000c0000000, 0x0000000100000000)
  region size 1024K, 101 young (103424K), 7 survivors (7168K)
 Metaspace       used 115156K, committed 116160K, reserved 1155072K
  class space    used 15350K, committed 15872K, reserved 1048576K
}
Event: 582.185 GC heap after
{Heap after GC invocations=47 (full 0):
 garbage-first heap   total 345088K, used 192213K [0x00000000c0000000, 0x0000000100000000)
  region size 1024K, 13 young (13312K), 13 survivors (13312K)
 Metaspace       used 115156K, committed 116160K, reserved 1155072K
  class space    used 15350K, committed 15872K, reserved 1048576K
}
Event: 715.572 GC heap before
{Heap before GC invocations=47 (full 0):
 garbage-first heap   total 345088K, used 290517K [0x00000000c0000000, 0x0000000100000000)
  region size 1024K, 102 young (104448K), 13 survivors (13312K)
 Metaspace       used 115574K, committed 116608K, reserved 1155072K
  class space    used 15389K, committed 15936K, reserved 1048576K
}
Event: 715.580 GC heap after
{Heap after GC invocations=48 (full 0):
 garbage-first heap   total 345088K, used 195960K [0x00000000c0000000, 0x0000000100000000)
  region size 1024K, 5 young (5120K), 5 survivors (5120K)
 Metaspace       used 115574K, committed 116608K, reserved 1155072K
  class space    used 15389K, committed 15936K, reserved 1048576K
}
Event: 782.736 GC heap before
{Heap before GC invocations=48 (full 0):
 garbage-first heap   total 345088K, used 294264K [0x00000000c0000000, 0x0000000100000000)
  region size 1024K, 94 young (96256K), 5 survivors (5120K)
 Metaspace       used 116033K, committed 117120K, reserved 1155072K
  class space    used 15432K, committed 16000K, reserved 1048576K
}
Event: 782.739 GC heap after
{Heap after GC invocations=49 (full 0):
 garbage-first heap   total 345088K, used 195694K [0x00000000c0000000, 0x0000000100000000)
  region size 1024K, 5 young (5120K), 5 survivors (5120K)
 Metaspace       used 116033K, committed 117120K, reserved 1155072K
  class space    used 15432K, committed 16000K, reserved 1048576K
}
Event: 925.365 GC heap before
{Heap before GC invocations=49 (full 0):
 garbage-first heap   total 345088K, used 295022K [0x00000000c0000000, 0x0000000100000000)
  region size 1024K, 95 young (97280K), 5 survivors (5120K)
 Metaspace       used 116208K, committed 117312K, reserved 1155072K
  class space    used 15434K, committed 16000K, reserved 1048576K
}
Event: 925.368 GC heap after
{Heap after GC invocations=50 (full 0):
 garbage-first heap   total 345088K, used 195430K [0x00000000c0000000, 0x0000000100000000)
  region size 1024K, 5 young (5120K), 5 survivors (5120K)
 Metaspace       used 116208K, committed 117312K, reserved 1155072K
  class space    used 15434K, committed 16000K, reserved 1048576K
}

Deoptimization events (20 events):
Event: 925.177 Thread 0x0000026a6aac06c0 Uncommon trap: trap_request=0xffffff66 fr.pc=0x0000026a5028b35c relative=0x000000000000545c
Event: 925.177 Thread 0x0000026a6aac06c0 Uncommon trap: reason=speculate_class_check action=maybe_recompile pc=0x0000026a5028b35c method=com.android.tools.r8.internal.qb.a(Lcom/android/tools/r8/internal/Tl;Lcom/android/tools/r8/internal/h4;Ljava/util/function/Supplier;Ljava/util/Map;Ljava/util/f
Event: 925.177 Thread 0x0000026a6aac06c0 DEOPT PACKING pc=0x0000026a5028b35c sp=0x000000c846cfc6d0
Event: 925.177 Thread 0x0000026a6aac06c0 DEOPT UNPACKING pc=0x0000026a47c123a3 sp=0x000000c846cfc708 mode 2
Event: 925.299 Thread 0x0000026a6aac4550 DEOPT PACKING pc=0x0000026a49b30d5d sp=0x000000c846ffcbf0
Event: 925.299 Thread 0x0000026a6aac4550 DEOPT UNPACKING pc=0x0000026a47c12b43 sp=0x000000c846ffc0e0 mode 0
Event: 1253.397 Thread 0x0000026a6aac1ed0 Uncommon trap: trap_request=0xfffffff4 fr.pc=0x0000026a50394974 relative=0x00000000000007d4
Event: 1253.397 Thread 0x0000026a6aac1ed0 Uncommon trap: reason=null_check action=make_not_entrant pc=0x0000026a50394974 method=org.gradle.configurationcache.serialization.beans.BeanSchemaKt.unsupportedFieldTypeFor(Ljava/lang/reflect/Field;)Lkotlin/reflect/KClass; @ 98 c2
Event: 1253.397 Thread 0x0000026a6aac1ed0 DEOPT PACKING pc=0x0000026a50394974 sp=0x000000c8449fac10
Event: 1253.398 Thread 0x0000026a6aac1ed0 DEOPT UNPACKING pc=0x0000026a47c123a3 sp=0x000000c8449faab8 mode 2
Event: 1253.398 Thread 0x0000026a6aac1ed0 Uncommon trap: trap_request=0xfffffff4 fr.pc=0x0000026a503934d4 relative=0x00000000000007b4
Event: 1253.398 Thread 0x0000026a6aac1ed0 Uncommon trap: reason=null_check action=make_not_entrant pc=0x0000026a503934d4 method=org.gradle.configurationcache.serialization.beans.BeanSchemaKt.unsupportedFieldTypeFor(Ljava/lang/reflect/Field;)Lkotlin/reflect/KClass; @ 98 c2
Event: 1253.398 Thread 0x0000026a6aac1ed0 DEOPT PACKING pc=0x0000026a503934d4 sp=0x000000c8449fab80
Event: 1253.398 Thread 0x0000026a6aac1ed0 DEOPT UNPACKING pc=0x0000026a47c123a3 sp=0x000000c8449faaa0 mode 2
Event: 1253.567 Thread 0x0000026a6aabd6a0 DEOPT PACKING pc=0x0000026a4826cb68 sp=0x000000c8462fb120
Event: 1253.567 Thread 0x0000026a6aabd6a0 DEOPT UNPACKING pc=0x0000026a47c12b43 sp=0x000000c8462fa5f0 mode 0
Event: 1255.892 Thread 0x0000026a5f17a290 DEOPT PACKING pc=0x0000026a495e379c sp=0x000000c845efbbc0
Event: 1255.892 Thread 0x0000026a5f17a290 DEOPT UNPACKING pc=0x0000026a47c12b43 sp=0x000000c845efb308 mode 0
Event: 1256.032 Thread 0x0000026a5f17fe00 DEOPT PACKING pc=0x0000026a4a7bba79 sp=0x000000c846afc8b0
Event: 1256.032 Thread 0x0000026a5f17fe00 DEOPT UNPACKING pc=0x0000026a47c12b43 sp=0x000000c846afc4c0 mode 0

Classes unloaded (20 events):
Event: 7.033 Thread 0x0000026a5bf265f0 Unloading class 0x000000080127d800 'java/lang/invoke/LambdaForm$DMH+0x000000080127d800'
Event: 7.033 Thread 0x0000026a5bf265f0 Unloading class 0x000000080127d400 'java/lang/invoke/LambdaForm$DMH+0x000000080127d400'
Event: 7.033 Thread 0x0000026a5bf265f0 Unloading class 0x000000080127cc00 'java/lang/invoke/LambdaForm$DMH+0x000000080127cc00'
Event: 7.033 Thread 0x0000026a5bf265f0 Unloading class 0x000000080127c800 'java/lang/invoke/LambdaForm$DMH+0x000000080127c800'
Event: 7.033 Thread 0x0000026a5bf265f0 Unloading class 0x000000080127c400 'java/lang/invoke/LambdaForm$DMH+0x000000080127c400'
Event: 7.033 Thread 0x0000026a5bf265f0 Unloading class 0x0000000801268400 'java/lang/invoke/LambdaForm$MH+0x0000000801268400'
Event: 7.033 Thread 0x0000026a5bf265f0 Unloading class 0x0000000801268000 'java/lang/invoke/LambdaForm$MH+0x0000000801268000'
Event: 7.033 Thread 0x0000026a5bf265f0 Unloading class 0x0000000801263c00 'java/lang/invoke/LambdaForm$MH+0x0000000801263c00'
Event: 7.033 Thread 0x0000026a5bf265f0 Unloading class 0x0000000801263800 'java/lang/invoke/LambdaForm$MH+0x0000000801263800'
Event: 7.033 Thread 0x0000026a5bf265f0 Unloading class 0x0000000801263000 'java/lang/invoke/LambdaForm$MH+0x0000000801263000'
Event: 7.033 Thread 0x0000026a5bf265f0 Unloading class 0x0000000801263400 'java/lang/invoke/LambdaForm$MH+0x0000000801263400'
Event: 7.033 Thread 0x0000026a5bf265f0 Unloading class 0x0000000801262800 'java/lang/invoke/LambdaForm$MH+0x0000000801262800'
Event: 7.033 Thread 0x0000026a5bf265f0 Unloading class 0x0000000801262400 'java/lang/invoke/LambdaForm$DMH+0x0000000801262400'
Event: 7.033 Thread 0x0000026a5bf265f0 Unloading class 0x0000000801262000 'java/lang/invoke/LambdaForm$DMH+0x0000000801262000'
Event: 7.033 Thread 0x0000026a5bf265f0 Unloading class 0x0000000801261c00 'java/lang/invoke/LambdaForm$DMH+0x0000000801261c00'
Event: 7.033 Thread 0x0000026a5bf265f0 Unloading class 0x0000000801261800 'java/lang/invoke/LambdaForm$DMH+0x0000000801261800'
Event: 7.033 Thread 0x0000026a5bf265f0 Unloading class 0x0000000801260c00 'java/lang/invoke/LambdaForm$DMH+0x0000000801260c00'
Event: 7.033 Thread 0x0000026a5bf265f0 Unloading class 0x0000000801261000 'java/lang/invoke/LambdaForm$DMH+0x0000000801261000'
Event: 7.033 Thread 0x0000026a5bf265f0 Unloading class 0x0000000801261400 'java/lang/invoke/LambdaForm$DMH+0x0000000801261400'
Event: 7.033 Thread 0x0000026a5bf265f0 Unloading class 0x0000000801260400 'java/lang/invoke/LambdaForm$DMH+0x0000000801260400'

Classes redefined (0 events):
No events

Internal exceptions (20 events):
Event: 922.440 Thread 0x0000026a6aac4080 Exception <a 'sun/nio/fs/WindowsException'{0x00000000d0826420}> (0x00000000d0826420) 
thrown [t:\workspace\open\src\hotspot\share\prims\jni.cpp, line 516]
Event: 922.440 Thread 0x0000026a6aac4080 Exception <a 'sun/nio/fs/WindowsException'{0x00000000d0827218}> (0x00000000d0827218) 
thrown [t:\workspace\open\src\hotspot\share\prims\jni.cpp, line 516]
Event: 922.440 Thread 0x0000026a6aac4080 Exception <a 'sun/nio/fs/WindowsException'{0x00000000d0828010}> (0x00000000d0828010) 
thrown [t:\workspace\open\src\hotspot\share\prims\jni.cpp, line 516]
Event: 922.660 Thread 0x0000026a6aabe510 Exception <a 'java/lang/InterruptedException'{0x00000000d03af3e8}> (0x00000000d03af3e8) 
thrown [t:\workspace\open\src\hotspot\share\runtime\objectMonitor.cpp, line 1661]
Event: 925.162 Thread 0x0000026a6aac06c0 Exception <a 'sun/nio/fs/WindowsException'{0x00000000cfea50c8}> (0x00000000cfea50c8) 
thrown [t:\workspace\open\src\hotspot\share\prims\jni.cpp, line 516]
Event: 925.268 Thread 0x0000026a6aac06c0 Exception <a 'sun/nio/fs/WindowsException'{0x00000000cf0a1bc8}> (0x00000000cf0a1bc8) 
thrown [t:\workspace\open\src\hotspot\share\prims\jni.cpp, line 516]
Event: 925.289 Thread 0x0000026a6aac4550 Exception <a 'sun/nio/fs/WindowsException'{0x00000000cef54540}> (0x00000000cef54540) 
thrown [t:\workspace\open\src\hotspot\share\prims\jni.cpp, line 516]
Event: 925.301 Thread 0x0000026a6aac4550 Exception <a 'sun/nio/fs/WindowsException'{0x00000000cedc26c0}> (0x00000000cedc26c0) 
thrown [t:\workspace\open\src\hotspot\share\prims\jni.cpp, line 516]
Event: 925.517 Thread 0x0000026a5f17c440 Exception <a 'sun/nio/fs/WindowsException'{0x00000000fe6347a8}> (0x00000000fe6347a8) 
thrown [t:\workspace\open\src\hotspot\share\prims\jni.cpp, line 516]
Event: 925.518 Thread 0x0000026a5f17c440 Exception <a 'sun/nio/fs/WindowsException'{0x00000000fe634b28}> (0x00000000fe634b28) 
thrown [t:\workspace\open\src\hotspot\share\prims\jni.cpp, line 516]
Event: 925.518 Thread 0x0000026a5f17c440 Exception <a 'sun/nio/fs/WindowsException'{0x00000000fe636438}> (0x00000000fe636438) 
thrown [t:\workspace\open\src\hotspot\share\prims\jni.cpp, line 516]
Event: 1253.529 Thread 0x0000026a6aabd6a0 Exception <a 'sun/nio/fs/WindowsException'{0x00000000d168ae98}> (0x00000000d168ae98) 
thrown [t:\workspace\open\src\hotspot\share\prims\jni.cpp, line 516]
Event: 1253.535 Thread 0x0000026a6aabd6a0 Exception <a 'sun/nio/fs/WindowsException'{0x00000000d1581500}> (0x00000000d1581500) 
thrown [t:\workspace\open\src\hotspot\share\prims\jni.cpp, line 516]
Event: 1253.536 Thread 0x0000026a6aabd6a0 Exception <a 'sun/nio/fs/WindowsException'{0x00000000d15822a8}> (0x00000000d15822a8) 
thrown [t:\workspace\open\src\hotspot\share\prims\jni.cpp, line 516]
Event: 1253.536 Thread 0x0000026a6aabd6a0 Exception <a 'sun/nio/fs/WindowsException'{0x00000000d15830a0}> (0x00000000d15830a0) 
thrown [t:\workspace\open\src\hotspot\share\prims\jni.cpp, line 516]
Event: 1253.536 Thread 0x0000026a6aabd6a0 Exception <a 'sun/nio/fs/WindowsException'{0x00000000d1583e98}> (0x00000000d1583e98) 
thrown [t:\workspace\open\src\hotspot\share\prims\jni.cpp, line 516]
Event: 1253.740 Thread 0x0000026a5f17cde0 Exception <a 'java/lang/InterruptedException'{0x00000000d0e34e50}> (0x00000000d0e34e50) 
thrown [t:\workspace\open\src\hotspot\share\runtime\objectMonitor.cpp, line 1661]
Event: 1255.867 Thread 0x0000026a5f17a290 Exception <a 'sun/nio/fs/WindowsException'{0x00000000d0af5978}> (0x00000000d0af5978) 
thrown [t:\workspace\open\src\hotspot\share\prims\jni.cpp, line 516]
Event: 1256.004 Thread 0x0000026a5f17a290 Exception <a 'sun/nio/fs/WindowsException'{0x00000000cfb0ec80}> (0x00000000cfb0ec80) 
thrown [t:\workspace\open\src\hotspot\share\prims\jni.cpp, line 516]
Event: 1256.030 Thread 0x0000026a5f17fe00 Exception <a 'sun/nio/fs/WindowsException'{0x00000000cfbcdac8}> (0x00000000cfbcdac8) 
thrown [t:\workspace\open\src\hotspot\share\prims\jni.cpp, line 516]

VM Operations (20 events):
Event: 922.799 Executing VM operation: Cleanup
Event: 922.799 Executing VM operation: Cleanup done
Event: 925.365 Executing VM operation: G1CollectForAllocation
Event: 925.368 Executing VM operation: G1CollectForAllocation done
Event: 927.368 Executing VM operation: Cleanup
Event: 927.368 Executing VM operation: Cleanup done
Event: 960.380 Executing VM operation: Cleanup
Event: 960.380 Executing VM operation: Cleanup done
Event: 1013.410 Executing VM operation: Cleanup
Event: 1013.410 Executing VM operation: Cleanup done
Event: 1027.415 Executing VM operation: Cleanup
Event: 1027.415 Executing VM operation: Cleanup done
Event: 1062.426 Executing VM operation: Cleanup
Event: 1062.426 Executing VM operation: Cleanup done
Event: 1211.495 Executing VM operation: Cleanup
Event: 1211.495 Executing VM operation: Cleanup done
Event: 1253.515 Executing VM operation: Cleanup
Event: 1253.516 Executing VM operation: Cleanup done
Event: 1254.516 Executing VM operation: Cleanup
Event: 1254.516 Executing VM operation: Cleanup done

Events (20 events):
Event: 1253.489 Thread 0x0000026a6aabe510 Thread added: 0x0000026a6aabe510
Event: 1253.490 Thread 0x0000026a6aabe9e0 Thread added: 0x0000026a6aabe9e0
Event: 1253.490 Thread 0x0000026a5f17b100 Thread added: 0x0000026a5f17b100
Event: 1253.490 Thread 0x0000026a5f17d780 Thread added: 0x0000026a5f17d780
Event: 1253.490 Thread 0x0000026a5f17e5f0 Thread added: 0x0000026a5f17e5f0
Event: 1253.491 Thread 0x0000026a5f17f930 Thread added: 0x0000026a5f17f930
Event: 1253.738 Thread 0x0000026a5f17cde0 Thread added: 0x0000026a5f17cde0
Event: 1255.748 Thread 0x0000026a61ce6a80 Thread exited: 0x0000026a61ce6a80
Event: 1255.748 Thread 0x0000026a61ce5130 Thread exited: 0x0000026a61ce5130
Event: 1255.852 Thread 0x0000026a5f17baa0 Thread added: 0x0000026a5f17baa0
Event: 1255.853 Thread 0x0000026a5f17a290 Thread added: 0x0000026a5f17a290
Event: 1255.854 Thread 0x0000026a5f17fe00 Thread added: 0x0000026a5f17fe00
Event: 1255.854 Thread 0x0000026a5f1802d0 Thread added: 0x0000026a5f1802d0
Event: 1255.855 Thread 0x0000026a5f17b5d0 Thread added: 0x0000026a5f17b5d0
Event: 1255.856 Thread 0x0000026a5f17c440 Thread added: 0x0000026a5f17c440
Event: 1255.857 Thread 0x0000026a5f1807a0 Thread added: 0x0000026a5f1807a0
Event: 1255.857 Thread 0x0000026a5f178f50 Thread added: 0x0000026a5f178f50
Event: 1255.858 Thread 0x0000026a5f1798f0 Thread added: 0x0000026a5f1798f0
Event: 1255.867 Thread 0x0000026a61ce6a80 Thread added: 0x0000026a61ce6a80
Event: 1255.890 Thread 0x0000026a61ce74a0 Thread added: 0x0000026a61ce74a0


Dynamic libraries:
0x00007ff6584f0000 - 0x00007ff6584fe000 	P:\Android\openjdk-17.0.2\bin\java.exe
0x00007ffe2a350000 - 0x00007ffe2a545000 	C:\WINDOWS\SYSTEM32\ntdll.dll
0x00007ffe28d60000 - 0x00007ffe28e1d000 	C:\WINDOWS\System32\KERNEL32.DLL
0x00007ffe27f00000 - 0x00007ffe281cd000 	C:\WINDOWS\System32\KERNELBASE.dll
0x00007ffe27e00000 - 0x00007ffe27f00000 	C:\WINDOWS\System32\ucrtbase.dll
0x00007ffe0c7e0000 - 0x00007ffe0c7fa000 	P:\Android\openjdk-17.0.2\bin\VCRUNTIME140.dll
0x00007ffe13290000 - 0x00007ffe132a8000 	P:\Android\openjdk-17.0.2\bin\jli.dll
0x00007ffe28e20000 - 0x00007ffe28fc0000 	C:\WINDOWS\System32\USER32.dll
0x00007ffe15380000 - 0x00007ffe1561a000 	C:\WINDOWS\WinSxS\amd64_microsoft.windows.common-controls_6595b64144ccf1df_6.0.19041.1110_none_60b5254171f9507e\COMCTL32.dll
0x00007ffe27b70000 - 0x00007ffe27b92000 	C:\WINDOWS\System32\win32u.dll
0x00007ffe29150000 - 0x00007ffe2917a000 	C:\WINDOWS\System32\GDI32.dll
0x00007ffe29200000 - 0x00007ffe2929e000 	C:\WINDOWS\System32\msvcrt.dll
0x00007ffe27cf0000 - 0x00007ffe27dfb000 	C:\WINDOWS\System32\gdi32full.dll
0x00007ffe27ba0000 - 0x00007ffe27c3d000 	C:\WINDOWS\System32\msvcp_win.dll
0x00007ffe283a0000 - 0x00007ffe283d0000 	C:\WINDOWS\System32\IMM32.DLL
0x00007ffe13070000 - 0x00007ffe1307c000 	P:\Android\openjdk-17.0.2\bin\vcruntime140_1.dll
0x00007ffdc5180000 - 0x00007ffdc520d000 	P:\Android\openjdk-17.0.2\bin\msvcp140.dll
0x00007ffd87780000 - 0x00007ffd88341000 	P:\Android\openjdk-17.0.2\bin\server\jvm.dll
0x00007ffe298a0000 - 0x00007ffe2994e000 	C:\WINDOWS\System32\ADVAPI32.dll
0x00007ffe29950000 - 0x00007ffe299ec000 	C:\WINDOWS\System32\sechost.dll
0x00007ffe28c20000 - 0x00007ffe28d45000 	C:\WINDOWS\System32\RPCRT4.dll
0x00007ffe290b0000 - 0x00007ffe290b8000 	C:\WINDOWS\System32\PSAPI.DLL
0x00007ffe1d0b0000 - 0x00007ffe1d0d7000 	C:\WINDOWS\SYSTEM32\WINMM.dll
0x00007ffe1de10000 - 0x00007ffe1de1a000 	C:\WINDOWS\SYSTEM32\VERSION.dll
0x00007ffe21e40000 - 0x00007ffe21e49000 	C:\WINDOWS\SYSTEM32\WSOCK32.dll
0x00007ffe29020000 - 0x00007ffe2908b000 	C:\WINDOWS\System32\WS2_32.dll
0x00007ffe25830000 - 0x00007ffe25842000 	C:\WINDOWS\SYSTEM32\kernel.appcore.dll
0x00007ffe11dc0000 - 0x00007ffe11dca000 	P:\Android\openjdk-17.0.2\bin\jimage.dll
0x00007ffe15720000 - 0x00007ffe15904000 	C:\WINDOWS\SYSTEM32\DBGHELP.DLL
0x00007ffe12580000 - 0x00007ffe125ac000 	C:\WINDOWS\SYSTEM32\dbgcore.DLL
0x00007ffe27ae0000 - 0x00007ffe27b62000 	C:\WINDOWS\System32\bcryptPrimitives.dll
0x00007ffdf33a0000 - 0x00007ffdf33c5000 	P:\Android\openjdk-17.0.2\bin\java.dll
0x00007ffdb8c40000 - 0x00007ffdb8d16000 	P:\Android\openjdk-17.0.2\bin\jsvml.dll
0x00007ffe29bc0000 - 0x00007ffe2a304000 	C:\WINDOWS\System32\SHELL32.dll
0x00007ffe25a30000 - 0x00007ffe261c4000 	C:\WINDOWS\SYSTEM32\windows.storage.dll
0x00007ffe292a0000 - 0x00007ffe295f4000 	C:\WINDOWS\System32\combase.dll
0x00007ffe272f0000 - 0x00007ffe2731c000 	C:\WINDOWS\SYSTEM32\Wldp.dll
0x00007ffe28970000 - 0x00007ffe28a1d000 	C:\WINDOWS\System32\SHCORE.dll
0x00007ffe283d0000 - 0x00007ffe28425000 	C:\WINDOWS\System32\shlwapi.dll
0x00007ffe278b0000 - 0x00007ffe278cf000 	C:\WINDOWS\SYSTEM32\profapi.dll
0x00007ffe096b0000 - 0x00007ffe096c9000 	P:\Android\openjdk-17.0.2\bin\net.dll
0x00007ffe1f1e0000 - 0x00007ffe1f2ea000 	C:\WINDOWS\SYSTEM32\WINHTTP.dll
0x00007ffe270d0000 - 0x00007ffe2713a000 	C:\WINDOWS\system32\mswsock.dll
0x00007ffdfa020000 - 0x00007ffdfa036000 	P:\Android\openjdk-17.0.2\bin\nio.dll
0x00007ffdf72a0000 - 0x00007ffdf72b8000 	P:\Android\openjdk-17.0.2\bin\zip.dll
0x00007ffe11cd0000 - 0x00007ffe11ce0000 	P:\Android\openjdk-17.0.2\bin\verify.dll
0x00007ffe11240000 - 0x00007ffe11267000 	C:\Users\Kimi\.gradle\native\e1d6ef7f7dcc3fd88c89a11ec53ec762bb8ba0a96d01ffa2cd45eb1d1d8dd5c5\windows-amd64\native-platform.dll
0x00007ffdb1a80000 - 0x00007ffdb1bc4000 	C:\Users\Kimi\.gradle\native\0d407fdbe67a94daf76414ababcb853783967236a71b16ec16e742cd7a986fd3\windows-amd64\native-platform-file-events.dll
0x00007ffe11920000 - 0x00007ffe11929000 	P:\Android\openjdk-17.0.2\bin\management.dll
0x00007ffe112d0000 - 0x00007ffe112db000 	P:\Android\openjdk-17.0.2\bin\management_ext.dll
0x00007ffe27330000 - 0x00007ffe27348000 	C:\WINDOWS\SYSTEM32\CRYPTSP.dll
0x00007ffe26a00000 - 0x00007ffe26a34000 	C:\WINDOWS\system32\rsaenh.dll
0x00007ffe27a60000 - 0x00007ffe27a87000 	C:\WINDOWS\System32\bcrypt.dll
0x00007ffe27870000 - 0x00007ffe2789e000 	C:\WINDOWS\SYSTEM32\USERENV.dll
0x00007ffe27260000 - 0x00007ffe2726c000 	C:\WINDOWS\SYSTEM32\CRYPTBASE.dll
0x00007ffe26d90000 - 0x00007ffe26dcb000 	C:\WINDOWS\SYSTEM32\IPHLPAPI.DLL
0x00007ffe28d50000 - 0x00007ffe28d58000 	C:\WINDOWS\System32\NSI.dll
0x00007ffe20050000 - 0x00007ffe20067000 	C:\WINDOWS\SYSTEM32\dhcpcsvc6.DLL
0x00007ffe1fe90000 - 0x00007ffe1fead000 	C:\WINDOWS\SYSTEM32\dhcpcsvc.DLL
0x00007ffe26de0000 - 0x00007ffe26eab000 	C:\WINDOWS\SYSTEM32\DNSAPI.dll
0x00007ffe10740000 - 0x00007ffe1074e000 	P:\Android\openjdk-17.0.2\bin\sunmscapi.dll
0x00007ffe28240000 - 0x00007ffe28396000 	C:\WINDOWS\System32\CRYPT32.dll
0x00007ffe27440000 - 0x00007ffe27467000 	C:\WINDOWS\SYSTEM32\ncrypt.dll
0x00007ffe27400000 - 0x00007ffe2743b000 	C:\WINDOWS\SYSTEM32\NTASN1.dll
0x00007ffe0ffb0000 - 0x00007ffe0ffb7000 	C:\WINDOWS\system32\wshunix.dll
0x00007ffe26730000 - 0x00007ffe26763000 	C:\WINDOWS\SYSTEM32\ntmarta.dll
0x00007ffe1fe50000 - 0x00007ffe1fe57000 	P:\Android\openjdk-17.0.2\bin\rmi.dll

dbghelp: loaded successfully - version: 4.0.5 - missing functions: none
symbol engine: initialized successfully - sym options: 0x614 - pdb path: .;P:\Android\openjdk-17.0.2\bin;C:\WINDOWS\SYSTEM32;C:\WINDOWS\WinSxS\amd64_microsoft.windows.common-controls_6595b64144ccf1df_6.0.19041.1110_none_60b5254171f9507e;P:\Android\openjdk-17.0.2\bin\server;C:\Users\Kimi\.gradle\native\e1d6ef7f7dcc3fd88c89a11ec53ec762bb8ba0a96d01ffa2cd45eb1d1d8dd5c5\windows-amd64;C:\Users\Kimi\.gradle\native\0d407fdbe67a94daf76414ababcb853783967236a71b16ec16e742cd7a986fd3\windows-amd64

VM Arguments:
jvm_args: --add-opens=java.base/java.util=ALL-UNNAMED --add-opens=java.base/java.lang=ALL-UNNAMED --add-opens=java.base/java.lang.invoke=ALL-UNNAMED --add-opens=java.base/java.util=ALL-UNNAMED --add-opens=java.prefs/java.util.prefs=ALL-UNNAMED --add-opens=java.prefs/java.util.prefs=ALL-UNNAMED --add-opens=java.base/java.nio.charset=ALL-UNNAMED --add-opens=java.base/java.net=ALL-UNNAMED --add-opens=java.base/java.util.concurrent.atomic=ALL-UNNAMED -Xmx1024M -Dfile.encoding=UTF-8 -Duser.country=ES -Duser.language=es -Duser.variant 
java_command: org.gradle.launcher.daemon.bootstrap.GradleDaemon 7.5-rc-1
java_class_path (initial): C:\Users\Kimi\.gradle\wrapper\dists\gradle-7.5-rc-1-bin\5nk1s1zp2ifezcjjsibgubnkc\gradle-7.5-rc-1\lib\gradle-launcher-7.5.jar
Launcher Type: SUN_STANDARD

[Global flags]
     intx CICompilerCount                          = 4                                         {product} {ergonomic}
     uint ConcGCThreads                            = 2                                         {product} {ergonomic}
     uint G1ConcRefinementThreads                  = 8                                         {product} {ergonomic}
   size_t G1HeapRegionSize                         = 1048576                                   {product} {ergonomic}
    uintx GCDrainStackTargetSize                   = 64                                        {product} {ergonomic}
   size_t InitialHeapSize                          = 536870912                                 {product} {ergonomic}
   size_t MarkStackSize                            = 4194304                                   {product} {ergonomic}
   size_t MaxHeapSize                              = 1073741824                                {product} {command line}
   size_t MaxNewSize                               = 643825664                                 {product} {ergonomic}
   size_t MinHeapDeltaBytes                        = 1048576                                   {product} {ergonomic}
   size_t MinHeapSize                              = 8388608                                   {product} {ergonomic}
    uintx NonNMethodCodeHeapSize                   = 5839372                                {pd product} {ergonomic}
    uintx NonProfiledCodeHeapSize                  = 122909434                              {pd product} {ergonomic}
    uintx ProfiledCodeHeapSize                     = 122909434                              {pd product} {ergonomic}
    uintx ReservedCodeCacheSize                    = 251658240                              {pd product} {ergonomic}
     bool SegmentedCodeCache                       = true                                      {product} {ergonomic}
   size_t SoftMaxHeapSize                          = 1073741824                             {manageable} {ergonomic}
     bool UseCompressedClassPointers               = true                           {product lp64_product} {ergonomic}
     bool UseCompressedOops                        = true                           {product lp64_product} {ergonomic}
     bool UseG1GC                                  = true                                      {product} {ergonomic}
     bool UseLargePagesIndividualAllocation        = false                                  {pd product} {ergonomic}

Logging:
Log output configuration:
 #0: stdout all=warning uptime,level,tags
 #1: stderr all=off uptime,level,tags

Environment Variables:
PATH=C:\Program Files\Eclipse Adoptium\jdk-8.0.322.6-hotspot\bin;C:\Program Files\NVIDIA GPU Computing Toolkit\CUDA\v8.0\bin;C:\Program Files\NVIDIA GPU Computing Toolkit\CUDA\v8.0\libnvvp;C:\Program Files (x86)\NVIDIA Corporation\PhysX\Common;C:\Program Files (x86)\Common Files\Oracle\Java\javapath;C:\Program Files (x86)\Common Files\Intel\Shared Libraries\redist\intel64\compiler;C:\Windows\system32;C:\Windows;C:\Windows\System32\Wbem;C:\Windows\System32\WindowsPowerShell\v1.0;C:\WINDOWS\System32\OpenSSH;C:\Program Files (x86)\Yoctopuce\VirtualHub\bin;C:\Program Files (x86)\QuickTime\QTSystem;C:\Program Files\NVIDIA Corporation\NVIDIA NvDLISR;C:\Program Files\PuTTY;C:\Program Files (x86)\nodejs;C:\Program Files (x86)\Windows Kits\10\Windows Performance Toolkit;C:\Program Files (x86)\Microsoft Emulator Manager\1.0;C:\Program Files\Microsoft\Web Platform Installer;C:\WINDOWS\system32;C:\WINDOWS;C:\WINDOWS\System32\Wbem;C:\WINDOWS\System32\WindowsPowerShell\v1.0\;C:\WINDOWS\System32\OpenSSH\;C:\Program Files\PuTTY\;C:\Program Files\dotnet\;C:\Program Files\Git\cmd;C:\Program Files\Docker\Docker\resources\bin;C:\ProgramData\DockerDesktop\version-bin;C:\Program Files\PowerShell\7\;C:\Users\Kimi\AppData\Local\Programs\Python\Python310\Scripts\;C:\Users\Kimi\AppData\Local\Programs\Python\Python310\;C:\Users\Kimi\AppData\Local\Microsoft\WindowsApps;C:\Users\Kimi\AppData\Local\Microsoft\WindowsApps;C:\Users\Kimi\AppData\Local\Programs\Microsoft VS Code\bin;C:\Users\Kimi\.dotnet\tools
USERNAME=Kimi
OS=Windows_NT
PROCESSOR_IDENTIFIER=Intel64 Family 6 Model 158 Stepping 9, GenuineIntel



---------------  S Y S T E M  ---------------

OS:
 Windows 10 , 64 bit Build 19041 (10.0.19041.1706)
OS uptime: 6 days 16:19 hours
Hyper-V role detected

CPU: total 8 (initial active 8) (4 cores per cpu, 2 threads per core) family 6 model 158 stepping 9 microcode 0xb4, cx8, cmov, fxsr, ht, mmx, 3dnowpref, sse, sse2, sse3, ssse3, sse4.1, sse4.2, popcnt, lzcnt, tsc, tscinvbit, avx, avx2, aes, erms, clmul, bmi1, bmi2, rtm, adx, fma, vzeroupper, clflush, clflushopt, hv

Memory: 4k page, system-wide physical 32724M (3590M free)
TotalPageFile size 32724M (AvailPageFile size 7M)
current process WorkingSet (physical memory assigned to process): 695M, peak: 708M
current process commit charge ("private bytes"): 738M, peak: 749M

vm_info: OpenJDK 64-Bit Server VM (17.0.2+8-86) for windows-amd64 JRE (17.0.2+8-86), built on Dec  7 2021 21:49:10 by "mach5one" with MS VC++ 16.8 / 16.9 (VS2019)

END.
